{"C:\\Users\\Goose\\Desktop\\csc648\\csc648-01-sp24-csc-01-team04\\backend\\db.js": {"path":"C:\\Users\\Goose\\Desktop\\csc648\\csc648-01-sp24-csc-01-team04\\backend\\db.js","statementMap":{"0":{"start":{"line":1,"column":14},"end":{"line":1,"column":31}},"1":{"start":{"line":2,"column":13},"end":{"line":36,"column":2}},"2":{"start":{"line":38,"column":20},"end":{"line":38,"column":34}},"3":{"start":{"line":39,"column":0},"end":{"line":39,"column":29}}},"fnMap":{},"branchMap":{},"s":{"0":1,"1":1,"2":1,"3":1},"f":{},"b":{},"_coverageSchema":"1a1c01bbd47fc00a2c39e90264f33305004495a9","hash":"5e66a7978610804e768d3bdf35b1c0ef075eb013"}
,"C:\\Users\\Goose\\Desktop\\csc648\\csc648-01-sp24-csc-01-team04\\backend\\server.js": {"path":"C:\\Users\\Goose\\Desktop\\csc648\\csc648-01-sp24-csc-01-team04\\backend\\server.js","statementMap":{"0":{"start":{"line":1,"column":16},"end":{"line":1,"column":34}},"1":{"start":{"line":2,"column":11},"end":{"line":2,"column":26}},"2":{"start":{"line":3,"column":19},"end":{"line":3,"column":41}},"3":{"start":{"line":4,"column":21},"end":{"line":4,"column":45}},"4":{"start":{"line":5,"column":16},"end":{"line":5,"column":42}},"5":{"start":{"line":8,"column":15},"end":{"line":8,"column":32}},"6":{"start":{"line":10,"column":13},"end":{"line":10,"column":37}},"7":{"start":{"line":11,"column":12},"end":{"line":11,"column":37}},"8":{"start":{"line":12,"column":13},"end":{"line":12,"column":28}},"9":{"start":{"line":14,"column":12},"end":{"line":14,"column":21}},"10":{"start":{"line":15,"column":0},"end":{"line":15,"column":24}},"11":{"start":{"line":16,"column":0},"end":{"line":16,"column":27}},"12":{"start":{"line":19,"column":20},"end":{"line":22,"column":1}},"13":{"start":{"line":23,"column":0},"end":{"line":23,"column":27}},"14":{"start":{"line":24,"column":0},"end":{"line":24,"column":24}},"15":{"start":{"line":25,"column":0},"end":{"line":25,"column":51}},"16":{"start":{"line":31,"column":0},"end":{"line":36,"column":4}},"17":{"start":{"line":43,"column":0},"end":{"line":80,"column":3}},"18":{"start":{"line":44,"column":28},"end":{"line":44,"column":36}},"19":{"start":{"line":46,"column":2},"end":{"line":48,"column":3}},"20":{"start":{"line":47,"column":4},"end":{"line":47,"column":81}},"21":{"start":{"line":50,"column":2},"end":{"line":79,"column":3}},"22":{"start":{"line":51,"column":4},"end":{"line":75,"column":5}},"23":{"start":{"line":52,"column":22},"end":{"line":52,"column":61}},"24":{"start":{"line":55,"column":6},"end":{"line":74,"column":7}},"25":{"start":{"line":56,"column":23},"end":{"line":56,"column":48}},"26":{"start":{"line":57,"column":8},"end":{"line":57,"column":38}},"27":{"start":{"line":59,"column":8},"end":{"line":59,"column":90}},"28":{"start":{"line":61,"column":33},"end":{"line":61,"column":85}},"29":{"start":{"line":64,"column":8},"end":{"line":70,"column":9}},"30":{"start":{"line":67,"column":10},"end":{"line":67,"column":79}},"31":{"start":{"line":69,"column":10},"end":{"line":69,"column":26}},"32":{"start":{"line":73,"column":8},"end":{"line":73,"column":68}},"33":{"start":{"line":77,"column":4},"end":{"line":77,"column":25}},"34":{"start":{"line":78,"column":4},"end":{"line":78,"column":63}},"35":{"start":{"line":88,"column":0},"end":{"line":121,"column":3}},"36":{"start":{"line":89,"column":65},"end":{"line":89,"column":73}},"37":{"start":{"line":91,"column":2},"end":{"line":93,"column":3}},"38":{"start":{"line":92,"column":4},"end":{"line":92,"column":81}},"39":{"start":{"line":95,"column":2},"end":{"line":120,"column":3}},"40":{"start":{"line":97,"column":20},"end":{"line":97,"column":43}},"41":{"start":{"line":100,"column":4},"end":{"line":116,"column":5}},"42":{"start":{"line":101,"column":6},"end":{"line":101,"column":50}},"43":{"start":{"line":102,"column":6},"end":{"line":102,"column":66}},"44":{"start":{"line":103,"column":6},"end":{"line":103,"column":13}},"45":{"start":{"line":106,"column":23},"end":{"line":106,"column":54}},"46":{"start":{"line":107,"column":26},"end":{"line":108,"column":46}},"47":{"start":{"line":109,"column":33},"end":{"line":109,"column":116}},"48":{"start":{"line":111,"column":6},"end":{"line":115,"column":7}},"49":{"start":{"line":112,"column":8},"end":{"line":112,"column":68}},"50":{"start":{"line":114,"column":8},"end":{"line":114,"column":69}},"51":{"start":{"line":118,"column":4},"end":{"line":118,"column":25}},"52":{"start":{"line":119,"column":4},"end":{"line":119,"column":63}},"53":{"start":{"line":131,"column":0},"end":{"line":148,"column":3}},"54":{"start":{"line":132,"column":2},"end":{"line":134,"column":3}},"55":{"start":{"line":133,"column":4},"end":{"line":133,"column":64}},"56":{"start":{"line":135,"column":2},"end":{"line":147,"column":3}},"57":{"start":{"line":136,"column":18},"end":{"line":136,"column":73}},"58":{"start":{"line":137,"column":30},"end":{"line":137,"column":74}},"59":{"start":{"line":139,"column":4},"end":{"line":143,"column":5}},"60":{"start":{"line":140,"column":6},"end":{"line":140,"column":91}},"61":{"start":{"line":142,"column":6},"end":{"line":142,"column":63}},"62":{"start":{"line":145,"column":4},"end":{"line":145,"column":25}},"63":{"start":{"line":146,"column":4},"end":{"line":146,"column":16}},"64":{"start":{"line":155,"column":0},"end":{"line":173,"column":3}},"65":{"start":{"line":156,"column":2},"end":{"line":158,"column":3}},"66":{"start":{"line":157,"column":4},"end":{"line":157,"column":61}},"67":{"start":{"line":160,"column":2},"end":{"line":172,"column":3}},"68":{"start":{"line":161,"column":18},"end":{"line":161,"column":144}},"69":{"start":{"line":162,"column":30},"end":{"line":162,"column":71}},"70":{"start":{"line":164,"column":4},"end":{"line":168,"column":5}},"71":{"start":{"line":165,"column":6},"end":{"line":165,"column":39}},"72":{"start":{"line":167,"column":6},"end":{"line":167,"column":39}},"73":{"start":{"line":170,"column":4},"end":{"line":170,"column":25}},"74":{"start":{"line":171,"column":4},"end":{"line":171,"column":16}},"75":{"start":{"line":181,"column":0},"end":{"line":212,"column":3}},"76":{"start":{"line":182,"column":2},"end":{"line":184,"column":3}},"77":{"start":{"line":183,"column":4},"end":{"line":183,"column":61}},"78":{"start":{"line":186,"column":2},"end":{"line":211,"column":3}},"79":{"start":{"line":187,"column":29},"end":{"line":187,"column":31}},"80":{"start":{"line":188,"column":19},"end":{"line":188,"column":21}},"81":{"start":{"line":190,"column":4},"end":{"line":195,"column":5}},"82":{"start":{"line":191,"column":6},"end":{"line":194,"column":7}},"83":{"start":{"line":192,"column":8},"end":{"line":192,"column":35}},"84":{"start":{"line":193,"column":8},"end":{"line":193,"column":27}},"85":{"start":{"line":197,"column":23},"end":{"line":197,"column":107}},"86":{"start":{"line":197,"column":63},"end":{"line":197,"column":95}},"87":{"start":{"line":198,"column":18},"end":{"line":198,"column":75}},"88":{"start":{"line":200,"column":4},"end":{"line":200,"column":22}},"89":{"start":{"line":202,"column":30},"end":{"line":202,"column":53}},"90":{"start":{"line":203,"column":4},"end":{"line":207,"column":5}},"91":{"start":{"line":204,"column":6},"end":{"line":204,"column":57}},"92":{"start":{"line":206,"column":6},"end":{"line":206,"column":85}},"93":{"start":{"line":209,"column":4},"end":{"line":209,"column":25}},"94":{"start":{"line":210,"column":4},"end":{"line":210,"column":16}},"95":{"start":{"line":220,"column":0},"end":{"line":239,"column":3}},"96":{"start":{"line":221,"column":2},"end":{"line":223,"column":3}},"97":{"start":{"line":222,"column":4},"end":{"line":222,"column":61}},"98":{"start":{"line":225,"column":2},"end":{"line":238,"column":3}},"99":{"start":{"line":226,"column":18},"end":{"line":226,"column":135}},"100":{"start":{"line":227,"column":30},"end":{"line":227,"column":71}},"101":{"start":{"line":229,"column":4},"end":{"line":234,"column":5}},"102":{"start":{"line":230,"column":6},"end":{"line":230,"column":27}},"103":{"start":{"line":231,"column":6},"end":{"line":231,"column":36}},"104":{"start":{"line":233,"column":6},"end":{"line":233,"column":66}},"105":{"start":{"line":236,"column":4},"end":{"line":236,"column":25}},"106":{"start":{"line":237,"column":4},"end":{"line":237,"column":16}},"107":{"start":{"line":248,"column":0},"end":{"line":291,"column":5}},"108":{"start":{"line":249,"column":28},"end":{"line":249,"column":36}},"109":{"start":{"line":250,"column":2},"end":{"line":252,"column":3}},"110":{"start":{"line":251,"column":4},"end":{"line":251,"column":64}},"111":{"start":{"line":254,"column":4},"end":{"line":290,"column":5}},"112":{"start":{"line":255,"column":26},"end":{"line":255,"column":55}},"113":{"start":{"line":256,"column":20},"end":{"line":256,"column":43}},"114":{"start":{"line":257,"column":6},"end":{"line":259,"column":7}},"115":{"start":{"line":258,"column":8},"end":{"line":258,"column":62}},"116":{"start":{"line":260,"column":25},"end":{"line":260,"column":52}},"117":{"start":{"line":262,"column":6},"end":{"line":262,"column":82}},"118":{"start":{"line":264,"column":6},"end":{"line":266,"column":7}},"119":{"start":{"line":265,"column":8},"end":{"line":265,"column":81}},"120":{"start":{"line":268,"column":6},"end":{"line":286,"column":7}},"121":{"start":{"line":269,"column":28},"end":{"line":269,"column":96}},"122":{"start":{"line":270,"column":34},"end":{"line":270,"column":79}},"123":{"start":{"line":271,"column":8},"end":{"line":275,"column":9}},"124":{"start":{"line":272,"column":10},"end":{"line":272,"column":59}},"125":{"start":{"line":274,"column":10},"end":{"line":274,"column":85}},"126":{"start":{"line":276,"column":13},"end":{"line":286,"column":7}},"127":{"start":{"line":277,"column":28},"end":{"line":277,"column":96}},"128":{"start":{"line":278,"column":34},"end":{"line":278,"column":79}},"129":{"start":{"line":279,"column":8},"end":{"line":283,"column":9}},"130":{"start":{"line":280,"column":10},"end":{"line":280,"column":59}},"131":{"start":{"line":282,"column":10},"end":{"line":282,"column":85}},"132":{"start":{"line":285,"column":8},"end":{"line":285,"column":69}},"133":{"start":{"line":288,"column":6},"end":{"line":288,"column":27}},"134":{"start":{"line":289,"column":6},"end":{"line":289,"column":18}},"135":{"start":{"line":295,"column":0},"end":{"line":297,"column":3}},"136":{"start":{"line":296,"column":2},"end":{"line":296,"column":55}},"137":{"start":{"line":304,"column":2},"end":{"line":304,"column":41}},"138":{"start":{"line":305,"column":2},"end":{"line":323,"column":3}},"139":{"start":{"line":306,"column":18},"end":{"line":306,"column":64}},"140":{"start":{"line":307,"column":30},"end":{"line":307,"column":60}},"141":{"start":{"line":308,"column":4},"end":{"line":319,"column":5}},"142":{"start":{"line":309,"column":23},"end":{"line":309,"column":42}},"143":{"start":{"line":310,"column":22},"end":{"line":310,"column":64}},"144":{"start":{"line":311,"column":6},"end":{"line":314,"column":7}},"145":{"start":{"line":312,"column":8},"end":{"line":312,"column":55}},"146":{"start":{"line":313,"column":8},"end":{"line":313,"column":29}},"147":{"start":{"line":315,"column":6},"end":{"line":315,"column":21}},"148":{"start":{"line":317,"column":6},"end":{"line":317,"column":44}},"149":{"start":{"line":318,"column":6},"end":{"line":318,"column":19}},"150":{"start":{"line":321,"column":4},"end":{"line":321,"column":25}},"151":{"start":{"line":322,"column":4},"end":{"line":322,"column":16}},"152":{"start":{"line":328,"column":2},"end":{"line":328,"column":41}},"153":{"start":{"line":329,"column":2},"end":{"line":341,"column":3}},"154":{"start":{"line":330,"column":18},"end":{"line":330,"column":98}},"155":{"start":{"line":331,"column":30},"end":{"line":331,"column":82}},"156":{"start":{"line":333,"column":4},"end":{"line":337,"column":5}},"157":{"start":{"line":334,"column":6},"end":{"line":334,"column":18}},"158":{"start":{"line":336,"column":6},"end":{"line":336,"column":19}},"159":{"start":{"line":339,"column":4},"end":{"line":339,"column":23}},"160":{"start":{"line":340,"column":4},"end":{"line":340,"column":16}},"161":{"start":{"line":346,"column":2},"end":{"line":346,"column":53}},"162":{"start":{"line":347,"column":2},"end":{"line":359,"column":3}},"163":{"start":{"line":348,"column":18},"end":{"line":348,"column":56}},"164":{"start":{"line":349,"column":30},"end":{"line":349,"column":60}},"165":{"start":{"line":350,"column":4},"end":{"line":355,"column":5}},"166":{"start":{"line":351,"column":6},"end":{"line":351,"column":61}},"167":{"start":{"line":352,"column":6},"end":{"line":352,"column":27}},"168":{"start":{"line":354,"column":6},"end":{"line":354,"column":18}},"169":{"start":{"line":357,"column":4},"end":{"line":357,"column":23}},"170":{"start":{"line":358,"column":4},"end":{"line":358,"column":16}},"171":{"start":{"line":364,"column":2},"end":{"line":364,"column":66}},"172":{"start":{"line":365,"column":2},"end":{"line":378,"column":3}},"173":{"start":{"line":366,"column":18},"end":{"line":366,"column":63}},"174":{"start":{"line":367,"column":30},"end":{"line":367,"column":62}},"175":{"start":{"line":368,"column":4},"end":{"line":373,"column":5}},"176":{"start":{"line":369,"column":6},"end":{"line":369,"column":37}},"177":{"start":{"line":371,"column":6},"end":{"line":371,"column":60}},"178":{"start":{"line":372,"column":6},"end":{"line":372,"column":18}},"179":{"start":{"line":376,"column":4},"end":{"line":376,"column":23}},"180":{"start":{"line":377,"column":4},"end":{"line":377,"column":16}},"181":{"start":{"line":387,"column":0},"end":{"line":419,"column":3}},"182":{"start":{"line":388,"column":103},"end":{"line":388,"column":111}},"183":{"start":{"line":389,"column":2},"end":{"line":391,"column":3}},"184":{"start":{"line":390,"column":4},"end":{"line":390,"column":79}},"185":{"start":{"line":393,"column":2},"end":{"line":417,"column":3}},"186":{"start":{"line":394,"column":20},"end":{"line":394,"column":22}},"187":{"start":{"line":395,"column":25},"end":{"line":395,"column":27}},"188":{"start":{"line":396,"column":19},"end":{"line":396,"column":21}},"189":{"start":{"line":398,"column":4},"end":{"line":404,"column":5}},"190":{"start":{"line":399,"column":6},"end":{"line":403,"column":7}},"191":{"start":{"line":400,"column":8},"end":{"line":400,"column":26}},"192":{"start":{"line":401,"column":8},"end":{"line":401,"column":31}},"193":{"start":{"line":402,"column":8},"end":{"line":402,"column":27}},"194":{"start":{"line":406,"column":18},"end":{"line":406,"column":104}},"195":{"start":{"line":407,"column":30},"end":{"line":407,"column":59}},"196":{"start":{"line":409,"column":4},"end":{"line":413,"column":5}},"197":{"start":{"line":410,"column":6},"end":{"line":410,"column":57}},"198":{"start":{"line":412,"column":6},"end":{"line":412,"column":85}},"199":{"start":{"line":415,"column":4},"end":{"line":415,"column":25}},"200":{"start":{"line":416,"column":4},"end":{"line":416,"column":16}},"201":{"start":{"line":426,"column":0},"end":{"line":446,"column":3}},"202":{"start":{"line":427,"column":17},"end":{"line":427,"column":25}},"203":{"start":{"line":428,"column":2},"end":{"line":428,"column":24}},"204":{"start":{"line":429,"column":2},"end":{"line":431,"column":3}},"205":{"start":{"line":430,"column":4},"end":{"line":430,"column":71}},"206":{"start":{"line":433,"column":2},"end":{"line":445,"column":3}},"207":{"start":{"line":434,"column":4},"end":{"line":434,"column":40}},"208":{"start":{"line":435,"column":24},"end":{"line":435,"column":63}},"209":{"start":{"line":436,"column":30},"end":{"line":436,"column":63}},"210":{"start":{"line":437,"column":4},"end":{"line":441,"column":5}},"211":{"start":{"line":438,"column":6},"end":{"line":438,"column":67}},"212":{"start":{"line":440,"column":6},"end":{"line":440,"column":62}},"213":{"start":{"line":443,"column":4},"end":{"line":443,"column":25}},"214":{"start":{"line":444,"column":4},"end":{"line":444,"column":63}},"215":{"start":{"line":454,"column":0},"end":{"line":476,"column":3}},"216":{"start":{"line":455,"column":2},"end":{"line":455,"column":24}},"217":{"start":{"line":456,"column":22},"end":{"line":456,"column":30}},"218":{"start":{"line":457,"column":2},"end":{"line":457,"column":44}},"219":{"start":{"line":459,"column":2},"end":{"line":461,"column":3}},"220":{"start":{"line":460,"column":4},"end":{"line":460,"column":63}},"221":{"start":{"line":463,"column":2},"end":{"line":475,"column":3}},"222":{"start":{"line":464,"column":4},"end":{"line":464,"column":39}},"223":{"start":{"line":465,"column":24},"end":{"line":465,"column":70}},"224":{"start":{"line":466,"column":31},"end":{"line":466,"column":69}},"225":{"start":{"line":467,"column":4},"end":{"line":471,"column":5}},"226":{"start":{"line":468,"column":6},"end":{"line":468,"column":36}},"227":{"start":{"line":470,"column":6},"end":{"line":470,"column":61}},"228":{"start":{"line":473,"column":4},"end":{"line":473,"column":25}},"229":{"start":{"line":474,"column":4},"end":{"line":474,"column":63}},"230":{"start":{"line":484,"column":0},"end":{"line":504,"column":3}},"231":{"start":{"line":485,"column":25},"end":{"line":485,"column":33}},"232":{"start":{"line":486,"column":2},"end":{"line":488,"column":3}},"233":{"start":{"line":487,"column":4},"end":{"line":487,"column":72}},"234":{"start":{"line":490,"column":2},"end":{"line":503,"column":3}},"235":{"start":{"line":491,"column":4},"end":{"line":491,"column":34}},"236":{"start":{"line":492,"column":4},"end":{"line":492,"column":28}},"237":{"start":{"line":493,"column":24},"end":{"line":493,"column":77}},"238":{"start":{"line":494,"column":30},"end":{"line":494,"column":71}},"239":{"start":{"line":495,"column":4},"end":{"line":499,"column":5}},"240":{"start":{"line":496,"column":6},"end":{"line":496,"column":55}},"241":{"start":{"line":498,"column":6},"end":{"line":498,"column":61}},"242":{"start":{"line":501,"column":4},"end":{"line":501,"column":25}},"243":{"start":{"line":502,"column":4},"end":{"line":502,"column":63}},"244":{"start":{"line":513,"column":0},"end":{"line":533,"column":3}},"245":{"start":{"line":514,"column":57},"end":{"line":514,"column":65}},"246":{"start":{"line":515,"column":2},"end":{"line":517,"column":3}},"247":{"start":{"line":516,"column":4},"end":{"line":516,"column":87}},"248":{"start":{"line":519,"column":2},"end":{"line":532,"column":3}},"249":{"start":{"line":520,"column":4},"end":{"line":520,"column":47}},"250":{"start":{"line":521,"column":24},"end":{"line":522,"column":49}},"251":{"start":{"line":523,"column":31},"end":{"line":523,"column":106}},"252":{"start":{"line":524,"column":4},"end":{"line":528,"column":5}},"253":{"start":{"line":525,"column":6},"end":{"line":525,"column":74}},"254":{"start":{"line":527,"column":6},"end":{"line":527,"column":77}},"255":{"start":{"line":530,"column":5},"end":{"line":530,"column":26}},"256":{"start":{"line":531,"column":5},"end":{"line":531,"column":64}},"257":{"start":{"line":542,"column":0},"end":{"line":561,"column":3}},"258":{"start":{"line":543,"column":22},"end":{"line":543,"column":30}},"259":{"start":{"line":544,"column":2},"end":{"line":546,"column":3}},"260":{"start":{"line":545,"column":4},"end":{"line":545,"column":69}},"261":{"start":{"line":548,"column":2},"end":{"line":560,"column":3}},"262":{"start":{"line":549,"column":4},"end":{"line":549,"column":48}},"263":{"start":{"line":550,"column":24},"end":{"line":550,"column":65}},"264":{"start":{"line":551,"column":31},"end":{"line":551,"column":69}},"265":{"start":{"line":552,"column":4},"end":{"line":556,"column":5}},"266":{"start":{"line":553,"column":6},"end":{"line":553,"column":36}},"267":{"start":{"line":555,"column":6},"end":{"line":555,"column":70}},"268":{"start":{"line":558,"column":4},"end":{"line":558,"column":25}},"269":{"start":{"line":559,"column":4},"end":{"line":559,"column":63}},"270":{"start":{"line":570,"column":0},"end":{"line":589,"column":3}},"271":{"start":{"line":571,"column":2},"end":{"line":573,"column":3}},"272":{"start":{"line":572,"column":4},"end":{"line":572,"column":63}},"273":{"start":{"line":575,"column":2},"end":{"line":588,"column":3}},"274":{"start":{"line":576,"column":18},"end":{"line":576,"column":135}},"275":{"start":{"line":577,"column":30},"end":{"line":577,"column":71}},"276":{"start":{"line":579,"column":4},"end":{"line":584,"column":5}},"277":{"start":{"line":580,"column":6},"end":{"line":580,"column":27}},"278":{"start":{"line":581,"column":6},"end":{"line":581,"column":36}},"279":{"start":{"line":583,"column":6},"end":{"line":583,"column":64}},"280":{"start":{"line":586,"column":4},"end":{"line":586,"column":25}},"281":{"start":{"line":587,"column":4},"end":{"line":587,"column":16}},"282":{"start":{"line":591,"column":0},"end":{"line":591,"column":21}}},"fnMap":{"0":{"name":"(anonymous_0)","decl":{"start":{"line":43,"column":19},"end":{"line":43,"column":20}},"loc":{"start":{"line":43,"column":39},"end":{"line":80,"column":1}},"line":43},"1":{"name":"(anonymous_1)","decl":{"start":{"line":88,"column":22},"end":{"line":88,"column":23}},"loc":{"start":{"line":88,"column":42},"end":{"line":121,"column":1}},"line":88},"2":{"name":"(anonymous_2)","decl":{"start":{"line":131,"column":21},"end":{"line":131,"column":22}},"loc":{"start":{"line":131,"column":41},"end":{"line":148,"column":1}},"line":131},"3":{"name":"(anonymous_3)","decl":{"start":{"line":155,"column":21},"end":{"line":155,"column":22}},"loc":{"start":{"line":155,"column":41},"end":{"line":173,"column":1}},"line":155},"4":{"name":"(anonymous_4)","decl":{"start":{"line":181,"column":26},"end":{"line":181,"column":27}},"loc":{"start":{"line":181,"column":46},"end":{"line":212,"column":1}},"line":181},"5":{"name":"(anonymous_5)","decl":{"start":{"line":197,"column":44},"end":{"line":197,"column":45}},"loc":{"start":{"line":197,"column":63},"end":{"line":197,"column":95}},"line":197},"6":{"name":"(anonymous_6)","decl":{"start":{"line":220,"column":28},"end":{"line":220,"column":29}},"loc":{"start":{"line":220,"column":48},"end":{"line":239,"column":1}},"line":220},"7":{"name":"(anonymous_7)","decl":{"start":{"line":248,"column":26},"end":{"line":248,"column":27}},"loc":{"start":{"line":248,"column":46},"end":{"line":291,"column":3}},"line":248},"8":{"name":"(anonymous_8)","decl":{"start":{"line":295,"column":17},"end":{"line":295,"column":18}},"loc":{"start":{"line":295,"column":23},"end":{"line":297,"column":1}},"line":295},"9":{"name":"checkCredentials","decl":{"start":{"line":303,"column":15},"end":{"line":303,"column":31}},"loc":{"start":{"line":303,"column":49},"end":{"line":324,"column":1}},"line":303},"10":{"name":"createSession","decl":{"start":{"line":327,"column":15},"end":{"line":327,"column":28}},"loc":{"start":{"line":327,"column":58},"end":{"line":342,"column":1}},"line":327},"11":{"name":"hasAccount","decl":{"start":{"line":345,"column":15},"end":{"line":345,"column":25}},"loc":{"start":{"line":345,"column":33},"end":{"line":360,"column":1}},"line":345},"12":{"name":"getAccountType","decl":{"start":{"line":363,"column":15},"end":{"line":363,"column":29}},"loc":{"start":{"line":363,"column":39},"end":{"line":379,"column":1}},"line":363},"13":{"name":"(anonymous_13)","decl":{"start":{"line":387,"column":25},"end":{"line":387,"column":26}},"loc":{"start":{"line":387,"column":45},"end":{"line":419,"column":1}},"line":387},"14":{"name":"(anonymous_14)","decl":{"start":{"line":426,"column":28},"end":{"line":426,"column":29}},"loc":{"start":{"line":426,"column":48},"end":{"line":446,"column":1}},"line":426},"15":{"name":"(anonymous_15)","decl":{"start":{"line":454,"column":26},"end":{"line":454,"column":27}},"loc":{"start":{"line":454,"column":46},"end":{"line":476,"column":1}},"line":454},"16":{"name":"(anonymous_16)","decl":{"start":{"line":484,"column":20},"end":{"line":484,"column":21}},"loc":{"start":{"line":484,"column":40},"end":{"line":504,"column":1}},"line":484},"17":{"name":"(anonymous_17)","decl":{"start":{"line":513,"column":34},"end":{"line":513,"column":35}},"loc":{"start":{"line":513,"column":54},"end":{"line":533,"column":1}},"line":513},"18":{"name":"(anonymous_18)","decl":{"start":{"line":542,"column":30},"end":{"line":542,"column":31}},"loc":{"start":{"line":542,"column":50},"end":{"line":561,"column":1}},"line":542},"19":{"name":"(anonymous_19)","decl":{"start":{"line":570,"column":26},"end":{"line":570,"column":27}},"loc":{"start":{"line":570,"column":46},"end":{"line":589,"column":1}},"line":570}},"branchMap":{"0":{"loc":{"start":{"line":10,"column":13},"end":{"line":10,"column":37}},"type":"binary-expr","locations":[{"start":{"line":10,"column":13},"end":{"line":10,"column":29}},{"start":{"line":10,"column":33},"end":{"line":10,"column":37}}],"line":10},"1":{"loc":{"start":{"line":46,"column":2},"end":{"line":48,"column":3}},"type":"if","locations":[{"start":{"line":46,"column":2},"end":{"line":48,"column":3}},{"start":{},"end":{}}],"line":46},"2":{"loc":{"start":{"line":46,"column":6},"end":{"line":46,"column":25}},"type":"binary-expr","locations":[{"start":{"line":46,"column":6},"end":{"line":46,"column":12}},{"start":{"line":46,"column":16},"end":{"line":46,"column":25}}],"line":46},"3":{"loc":{"start":{"line":51,"column":4},"end":{"line":75,"column":5}},"type":"if","locations":[{"start":{"line":51,"column":4},"end":{"line":75,"column":5}},{"start":{},"end":{}}],"line":51},"4":{"loc":{"start":{"line":51,"column":8},"end":{"line":51,"column":25}},"type":"binary-expr","locations":[{"start":{"line":51,"column":8},"end":{"line":51,"column":13}},{"start":{"line":51,"column":17},"end":{"line":51,"column":25}}],"line":51},"5":{"loc":{"start":{"line":55,"column":6},"end":{"line":74,"column":7}},"type":"if","locations":[{"start":{"line":55,"column":6},"end":{"line":74,"column":7}},{"start":{"line":72,"column":13},"end":{"line":74,"column":7}}],"line":55},"6":{"loc":{"start":{"line":64,"column":8},"end":{"line":70,"column":9}},"type":"if","locations":[{"start":{"line":64,"column":8},"end":{"line":70,"column":9}},{"start":{"line":68,"column":15},"end":{"line":70,"column":9}}],"line":64},"7":{"loc":{"start":{"line":91,"column":2},"end":{"line":93,"column":3}},"type":"if","locations":[{"start":{"line":91,"column":2},"end":{"line":93,"column":3}},{"start":{},"end":{}}],"line":91},"8":{"loc":{"start":{"line":91,"column":6},"end":{"line":91,"column":71}},"type":"binary-expr","locations":[{"start":{"line":91,"column":6},"end":{"line":91,"column":17}},{"start":{"line":91,"column":21},"end":{"line":91,"column":31}},{"start":{"line":91,"column":35},"end":{"line":91,"column":41}},{"start":{"line":91,"column":45},"end":{"line":91,"column":54}},{"start":{"line":91,"column":58},"end":{"line":91,"column":71}}],"line":91},"9":{"loc":{"start":{"line":100,"column":4},"end":{"line":116,"column":5}},"type":"if","locations":[{"start":{"line":100,"column":4},"end":{"line":116,"column":5}},{"start":{"line":104,"column":11},"end":{"line":116,"column":5}}],"line":100},"10":{"loc":{"start":{"line":111,"column":6},"end":{"line":115,"column":7}},"type":"if","locations":[{"start":{"line":111,"column":6},"end":{"line":115,"column":7}},{"start":{"line":113,"column":13},"end":{"line":115,"column":7}}],"line":111},"11":{"loc":{"start":{"line":111,"column":10},"end":{"line":111,"column":46}},"type":"binary-expr","locations":[{"start":{"line":111,"column":10},"end":{"line":111,"column":17}},{"start":{"line":111,"column":21},"end":{"line":111,"column":46}}],"line":111},"12":{"loc":{"start":{"line":132,"column":2},"end":{"line":134,"column":3}},"type":"if","locations":[{"start":{"line":132,"column":2},"end":{"line":134,"column":3}},{"start":{},"end":{}}],"line":132},"13":{"loc":{"start":{"line":139,"column":4},"end":{"line":143,"column":5}},"type":"if","locations":[{"start":{"line":139,"column":4},"end":{"line":143,"column":5}},{"start":{"line":141,"column":11},"end":{"line":143,"column":5}}],"line":139},"14":{"loc":{"start":{"line":139,"column":8},"end":{"line":139,"column":65}},"type":"binary-expr","locations":[{"start":{"line":139,"column":8},"end":{"line":139,"column":15}},{"start":{"line":139,"column":19},"end":{"line":139,"column":38}},{"start":{"line":139,"column":42},"end":{"line":139,"column":65}}],"line":139},"15":{"loc":{"start":{"line":156,"column":2},"end":{"line":158,"column":3}},"type":"if","locations":[{"start":{"line":156,"column":2},"end":{"line":158,"column":3}},{"start":{},"end":{}}],"line":156},"16":{"loc":{"start":{"line":164,"column":4},"end":{"line":168,"column":5}},"type":"if","locations":[{"start":{"line":164,"column":4},"end":{"line":168,"column":5}},{"start":{"line":166,"column":11},"end":{"line":168,"column":5}}],"line":164},"17":{"loc":{"start":{"line":164,"column":8},"end":{"line":164,"column":38}},"type":"binary-expr","locations":[{"start":{"line":164,"column":8},"end":{"line":164,"column":15}},{"start":{"line":164,"column":19},"end":{"line":164,"column":38}}],"line":164},"18":{"loc":{"start":{"line":182,"column":2},"end":{"line":184,"column":3}},"type":"if","locations":[{"start":{"line":182,"column":2},"end":{"line":184,"column":3}},{"start":{},"end":{}}],"line":182},"19":{"loc":{"start":{"line":191,"column":6},"end":{"line":194,"column":7}},"type":"if","locations":[{"start":{"line":191,"column":6},"end":{"line":194,"column":7}},{"start":{},"end":{}}],"line":191},"20":{"loc":{"start":{"line":191,"column":10},"end":{"line":191,"column":43}},"type":"binary-expr","locations":[{"start":{"line":191,"column":10},"end":{"line":191,"column":22}},{"start":{"line":191,"column":26},"end":{"line":191,"column":43}}],"line":191},"21":{"loc":{"start":{"line":203,"column":4},"end":{"line":207,"column":5}},"type":"if","locations":[{"start":{"line":203,"column":4},"end":{"line":207,"column":5}},{"start":{"line":205,"column":11},"end":{"line":207,"column":5}}],"line":203},"22":{"loc":{"start":{"line":203,"column":8},"end":{"line":203,"column":45}},"type":"binary-expr","locations":[{"start":{"line":203,"column":8},"end":{"line":203,"column":15}},{"start":{"line":203,"column":19},"end":{"line":203,"column":45}}],"line":203},"23":{"loc":{"start":{"line":221,"column":2},"end":{"line":223,"column":3}},"type":"if","locations":[{"start":{"line":221,"column":2},"end":{"line":223,"column":3}},{"start":{},"end":{}}],"line":221},"24":{"loc":{"start":{"line":229,"column":4},"end":{"line":234,"column":5}},"type":"if","locations":[{"start":{"line":229,"column":4},"end":{"line":234,"column":5}},{"start":{"line":232,"column":11},"end":{"line":234,"column":5}}],"line":229},"25":{"loc":{"start":{"line":229,"column":8},"end":{"line":229,"column":38}},"type":"binary-expr","locations":[{"start":{"line":229,"column":8},"end":{"line":229,"column":15}},{"start":{"line":229,"column":19},"end":{"line":229,"column":38}}],"line":229},"26":{"loc":{"start":{"line":250,"column":2},"end":{"line":252,"column":3}},"type":"if","locations":[{"start":{"line":250,"column":2},"end":{"line":252,"column":3}},{"start":{},"end":{}}],"line":250},"27":{"loc":{"start":{"line":250,"column":6},"end":{"line":250,"column":24}},"type":"binary-expr","locations":[{"start":{"line":250,"column":6},"end":{"line":250,"column":14}},{"start":{"line":250,"column":18},"end":{"line":250,"column":24}}],"line":250},"28":{"loc":{"start":{"line":257,"column":6},"end":{"line":259,"column":7}},"type":"if","locations":[{"start":{"line":257,"column":6},"end":{"line":259,"column":7}},{"start":{},"end":{}}],"line":257},"29":{"loc":{"start":{"line":264,"column":6},"end":{"line":266,"column":7}},"type":"if","locations":[{"start":{"line":264,"column":6},"end":{"line":266,"column":7}},{"start":{},"end":{}}],"line":264},"30":{"loc":{"start":{"line":268,"column":6},"end":{"line":286,"column":7}},"type":"if","locations":[{"start":{"line":268,"column":6},"end":{"line":286,"column":7}},{"start":{"line":276,"column":13},"end":{"line":286,"column":7}}],"line":268},"31":{"loc":{"start":{"line":271,"column":8},"end":{"line":275,"column":9}},"type":"if","locations":[{"start":{"line":271,"column":8},"end":{"line":275,"column":9}},{"start":{"line":273,"column":15},"end":{"line":275,"column":9}}],"line":271},"32":{"loc":{"start":{"line":271,"column":12},"end":{"line":271,"column":48}},"type":"binary-expr","locations":[{"start":{"line":271,"column":12},"end":{"line":271,"column":19}},{"start":{"line":271,"column":23},"end":{"line":271,"column":48}}],"line":271},"33":{"loc":{"start":{"line":276,"column":13},"end":{"line":286,"column":7}},"type":"if","locations":[{"start":{"line":276,"column":13},"end":{"line":286,"column":7}},{"start":{"line":284,"column":13},"end":{"line":286,"column":7}}],"line":276},"34":{"loc":{"start":{"line":279,"column":8},"end":{"line":283,"column":9}},"type":"if","locations":[{"start":{"line":279,"column":8},"end":{"line":283,"column":9}},{"start":{"line":281,"column":15},"end":{"line":283,"column":9}}],"line":279},"35":{"loc":{"start":{"line":279,"column":12},"end":{"line":279,"column":48}},"type":"binary-expr","locations":[{"start":{"line":279,"column":12},"end":{"line":279,"column":19}},{"start":{"line":279,"column":23},"end":{"line":279,"column":48}}],"line":279},"36":{"loc":{"start":{"line":308,"column":4},"end":{"line":319,"column":5}},"type":"if","locations":[{"start":{"line":308,"column":4},"end":{"line":319,"column":5}},{"start":{"line":316,"column":11},"end":{"line":319,"column":5}}],"line":308},"37":{"loc":{"start":{"line":308,"column":8},"end":{"line":308,"column":38}},"type":"binary-expr","locations":[{"start":{"line":308,"column":8},"end":{"line":308,"column":15}},{"start":{"line":308,"column":19},"end":{"line":308,"column":38}}],"line":308},"38":{"loc":{"start":{"line":311,"column":6},"end":{"line":314,"column":7}},"type":"if","locations":[{"start":{"line":311,"column":6},"end":{"line":314,"column":7}},{"start":{},"end":{}}],"line":311},"39":{"loc":{"start":{"line":333,"column":4},"end":{"line":337,"column":5}},"type":"if","locations":[{"start":{"line":333,"column":4},"end":{"line":337,"column":5}},{"start":{"line":335,"column":11},"end":{"line":337,"column":5}}],"line":333},"40":{"loc":{"start":{"line":333,"column":8},"end":{"line":333,"column":44}},"type":"binary-expr","locations":[{"start":{"line":333,"column":8},"end":{"line":333,"column":15}},{"start":{"line":333,"column":19},"end":{"line":333,"column":44}}],"line":333},"41":{"loc":{"start":{"line":350,"column":4},"end":{"line":355,"column":5}},"type":"if","locations":[{"start":{"line":350,"column":4},"end":{"line":355,"column":5}},{"start":{"line":353,"column":11},"end":{"line":355,"column":5}}],"line":350},"42":{"loc":{"start":{"line":350,"column":8},"end":{"line":350,"column":38}},"type":"binary-expr","locations":[{"start":{"line":350,"column":8},"end":{"line":350,"column":15}},{"start":{"line":350,"column":19},"end":{"line":350,"column":38}}],"line":350},"43":{"loc":{"start":{"line":368,"column":4},"end":{"line":373,"column":5}},"type":"if","locations":[{"start":{"line":368,"column":4},"end":{"line":373,"column":5}},{"start":{"line":370,"column":11},"end":{"line":373,"column":5}}],"line":368},"44":{"loc":{"start":{"line":368,"column":8},"end":{"line":368,"column":38}},"type":"binary-expr","locations":[{"start":{"line":368,"column":8},"end":{"line":368,"column":15}},{"start":{"line":368,"column":19},"end":{"line":368,"column":38}}],"line":368},"45":{"loc":{"start":{"line":389,"column":2},"end":{"line":391,"column":3}},"type":"if","locations":[{"start":{"line":389,"column":2},"end":{"line":391,"column":3}},{"start":{},"end":{}}],"line":389},"46":{"loc":{"start":{"line":389,"column":6},"end":{"line":389,"column":115}},"type":"binary-expr","locations":[{"start":{"line":389,"column":6},"end":{"line":389,"column":14}},{"start":{"line":389,"column":18},"end":{"line":389,"column":27}},{"start":{"line":389,"column":31},"end":{"line":389,"column":40}},{"start":{"line":389,"column":44},"end":{"line":389,"column":55}},{"start":{"line":389,"column":59},"end":{"line":389,"column":77}},{"start":{"line":389,"column":81},"end":{"line":389,"column":98}},{"start":{"line":389,"column":102},"end":{"line":389,"column":115}}],"line":389},"47":{"loc":{"start":{"line":399,"column":6},"end":{"line":403,"column":7}},"type":"if","locations":[{"start":{"line":399,"column":6},"end":{"line":403,"column":7}},{"start":{},"end":{}}],"line":399},"48":{"loc":{"start":{"line":409,"column":4},"end":{"line":413,"column":5}},"type":"if","locations":[{"start":{"line":409,"column":4},"end":{"line":413,"column":5}},{"start":{"line":411,"column":11},"end":{"line":413,"column":5}}],"line":409},"49":{"loc":{"start":{"line":409,"column":8},"end":{"line":409,"column":45}},"type":"binary-expr","locations":[{"start":{"line":409,"column":8},"end":{"line":409,"column":15}},{"start":{"line":409,"column":19},"end":{"line":409,"column":45}}],"line":409},"50":{"loc":{"start":{"line":429,"column":2},"end":{"line":431,"column":3}},"type":"if","locations":[{"start":{"line":429,"column":2},"end":{"line":431,"column":3}},{"start":{},"end":{}}],"line":429},"51":{"loc":{"start":{"line":437,"column":4},"end":{"line":441,"column":5}},"type":"if","locations":[{"start":{"line":437,"column":4},"end":{"line":441,"column":5}},{"start":{"line":439,"column":11},"end":{"line":441,"column":5}}],"line":437},"52":{"loc":{"start":{"line":437,"column":8},"end":{"line":437,"column":44}},"type":"binary-expr","locations":[{"start":{"line":437,"column":8},"end":{"line":437,"column":15}},{"start":{"line":437,"column":19},"end":{"line":437,"column":44}}],"line":437},"53":{"loc":{"start":{"line":459,"column":2},"end":{"line":461,"column":3}},"type":"if","locations":[{"start":{"line":459,"column":2},"end":{"line":461,"column":3}},{"start":{},"end":{}}],"line":459},"54":{"loc":{"start":{"line":467,"column":4},"end":{"line":471,"column":5}},"type":"if","locations":[{"start":{"line":467,"column":4},"end":{"line":471,"column":5}},{"start":{"line":469,"column":11},"end":{"line":471,"column":5}}],"line":467},"55":{"loc":{"start":{"line":467,"column":8},"end":{"line":467,"column":37}},"type":"binary-expr","locations":[{"start":{"line":467,"column":8},"end":{"line":467,"column":15}},{"start":{"line":467,"column":19},"end":{"line":467,"column":37}}],"line":467},"56":{"loc":{"start":{"line":486,"column":2},"end":{"line":488,"column":3}},"type":"if","locations":[{"start":{"line":486,"column":2},"end":{"line":488,"column":3}},{"start":{},"end":{}}],"line":486},"57":{"loc":{"start":{"line":495,"column":4},"end":{"line":499,"column":5}},"type":"if","locations":[{"start":{"line":495,"column":4},"end":{"line":499,"column":5}},{"start":{"line":497,"column":11},"end":{"line":499,"column":5}}],"line":495},"58":{"loc":{"start":{"line":495,"column":8},"end":{"line":495,"column":44}},"type":"binary-expr","locations":[{"start":{"line":495,"column":8},"end":{"line":495,"column":15}},{"start":{"line":495,"column":19},"end":{"line":495,"column":44}}],"line":495},"59":{"loc":{"start":{"line":515,"column":2},"end":{"line":517,"column":3}},"type":"if","locations":[{"start":{"line":515,"column":2},"end":{"line":517,"column":3}},{"start":{},"end":{}}],"line":515},"60":{"loc":{"start":{"line":524,"column":4},"end":{"line":528,"column":5}},"type":"if","locations":[{"start":{"line":524,"column":4},"end":{"line":528,"column":5}},{"start":{"line":526,"column":11},"end":{"line":528,"column":5}}],"line":524},"61":{"loc":{"start":{"line":524,"column":8},"end":{"line":524,"column":44}},"type":"binary-expr","locations":[{"start":{"line":524,"column":8},"end":{"line":524,"column":15}},{"start":{"line":524,"column":19},"end":{"line":524,"column":44}}],"line":524},"62":{"loc":{"start":{"line":544,"column":2},"end":{"line":546,"column":3}},"type":"if","locations":[{"start":{"line":544,"column":2},"end":{"line":546,"column":3}},{"start":{},"end":{}}],"line":544},"63":{"loc":{"start":{"line":552,"column":4},"end":{"line":556,"column":5}},"type":"if","locations":[{"start":{"line":552,"column":4},"end":{"line":556,"column":5}},{"start":{"line":554,"column":11},"end":{"line":556,"column":5}}],"line":552},"64":{"loc":{"start":{"line":552,"column":8},"end":{"line":552,"column":37}},"type":"binary-expr","locations":[{"start":{"line":552,"column":8},"end":{"line":552,"column":15}},{"start":{"line":552,"column":19},"end":{"line":552,"column":37}}],"line":552},"65":{"loc":{"start":{"line":571,"column":2},"end":{"line":573,"column":3}},"type":"if","locations":[{"start":{"line":571,"column":2},"end":{"line":573,"column":3}},{"start":{},"end":{}}],"line":571},"66":{"loc":{"start":{"line":579,"column":4},"end":{"line":584,"column":5}},"type":"if","locations":[{"start":{"line":579,"column":4},"end":{"line":584,"column":5}},{"start":{"line":582,"column":11},"end":{"line":584,"column":5}}],"line":579},"67":{"loc":{"start":{"line":579,"column":8},"end":{"line":579,"column":38}},"type":"binary-expr","locations":[{"start":{"line":579,"column":8},"end":{"line":579,"column":15}},{"start":{"line":579,"column":19},"end":{"line":579,"column":38}}],"line":579}},"s":{"0":1,"1":1,"2":1,"3":1,"4":1,"5":1,"6":1,"7":1,"8":1,"9":1,"10":1,"11":1,"12":1,"13":1,"14":1,"15":1,"16":1,"17":1,"18":2,"19":2,"20":0,"21":2,"22":2,"23":2,"24":2,"25":2,"26":2,"27":2,"28":2,"29":2,"30":2,"31":0,"32":0,"33":0,"34":0,"35":1,"36":0,"37":0,"38":0,"39":0,"40":0,"41":0,"42":0,"43":0,"44":0,"45":0,"46":0,"47":0,"48":0,"49":0,"50":0,"51":0,"52":0,"53":1,"54":0,"55":0,"56":0,"57":0,"58":0,"59":0,"60":0,"61":0,"62":0,"63":0,"64":1,"65":0,"66":0,"67":0,"68":0,"69":0,"70":0,"71":0,"72":0,"73":0,"74":0,"75":1,"76":0,"77":0,"78":0,"79":0,"80":0,"81":0,"82":0,"83":0,"84":0,"85":0,"86":0,"87":0,"88":0,"89":0,"90":0,"91":0,"92":0,"93":0,"94":0,"95":1,"96":0,"97":0,"98":0,"99":0,"100":0,"101":0,"102":0,"103":0,"104":0,"105":0,"106":0,"107":1,"108":0,"109":0,"110":0,"111":0,"112":0,"113":0,"114":0,"115":0,"116":0,"117":0,"118":0,"119":0,"120":0,"121":0,"122":0,"123":0,"124":0,"125":0,"126":0,"127":0,"128":0,"129":0,"130":0,"131":0,"132":0,"133":0,"134":0,"135":1,"136":1,"137":2,"138":2,"139":2,"140":2,"141":2,"142":2,"143":2,"144":2,"145":2,"146":2,"147":0,"148":0,"149":0,"150":0,"151":0,"152":2,"153":2,"154":2,"155":2,"156":2,"157":2,"158":0,"159":0,"160":0,"161":0,"162":0,"163":0,"164":0,"165":0,"166":0,"167":0,"168":0,"169":0,"170":0,"171":0,"172":0,"173":0,"174":0,"175":0,"176":0,"177":0,"178":0,"179":0,"180":0,"181":1,"182":0,"183":0,"184":0,"185":0,"186":0,"187":0,"188":0,"189":0,"190":0,"191":0,"192":0,"193":0,"194":0,"195":0,"196":0,"197":0,"198":0,"199":0,"200":0,"201":1,"202":0,"203":0,"204":0,"205":0,"206":0,"207":0,"208":0,"209":0,"210":0,"211":0,"212":0,"213":0,"214":0,"215":1,"216":0,"217":0,"218":0,"219":0,"220":0,"221":0,"222":0,"223":0,"224":0,"225":0,"226":0,"227":0,"228":0,"229":0,"230":1,"231":0,"232":0,"233":0,"234":0,"235":0,"236":0,"237":0,"238":0,"239":0,"240":0,"241":0,"242":0,"243":0,"244":1,"245":0,"246":0,"247":0,"248":0,"249":0,"250":0,"251":0,"252":0,"253":0,"254":0,"255":0,"256":0,"257":1,"258":0,"259":0,"260":0,"261":0,"262":0,"263":0,"264":0,"265":0,"266":0,"267":0,"268":0,"269":0,"270":1,"271":0,"272":0,"273":0,"274":0,"275":0,"276":0,"277":0,"278":0,"279":0,"280":0,"281":0,"282":1},"f":{"0":2,"1":0,"2":0,"3":0,"4":0,"5":0,"6":0,"7":0,"8":1,"9":2,"10":2,"11":0,"12":0,"13":0,"14":0,"15":0,"16":0,"17":0,"18":0,"19":0},"b":{"0":[1,1],"1":[0,2],"2":[2,2],"3":[2,0],"4":[2,2],"5":[2,0],"6":[2,0],"7":[0,0],"8":[0,0,0,0,0],"9":[0,0],"10":[0,0],"11":[0,0],"12":[0,0],"13":[0,0],"14":[0,0,0],"15":[0,0],"16":[0,0],"17":[0,0],"18":[0,0],"19":[0,0],"20":[0,0],"21":[0,0],"22":[0,0],"23":[0,0],"24":[0,0],"25":[0,0],"26":[0,0],"27":[0,0],"28":[0,0],"29":[0,0],"30":[0,0],"31":[0,0],"32":[0,0],"33":[0,0],"34":[0,0],"35":[0,0],"36":[2,0],"37":[2,2],"38":[2,0],"39":[2,0],"40":[2,2],"41":[0,0],"42":[0,0],"43":[0,0],"44":[0,0],"45":[0,0],"46":[0,0,0,0,0,0,0],"47":[0,0],"48":[0,0],"49":[0,0],"50":[0,0],"51":[0,0],"52":[0,0],"53":[0,0],"54":[0,0],"55":[0,0],"56":[0,0],"57":[0,0],"58":[0,0],"59":[0,0],"60":[0,0],"61":[0,0],"62":[0,0],"63":[0,0],"64":[0,0],"65":[0,0],"66":[0,0],"67":[0,0]},"_coverageSchema":"1a1c01bbd47fc00a2c39e90264f33305004495a9","hash":"6d0374b7e0c78564d3858213f19b0d6b17e365ef"}
}
