{"total": {"lines":{"total":286,"covered":66,"skipped":0,"pct":23.07},"statements":{"total":287,"covered":66,"skipped":0,"pct":22.99},"functions":{"total":20,"covered":4,"skipped":0,"pct":20},"branches":{"total":145,"covered":17,"skipped":0,"pct":11.72},"branchesTrue":{"total":0,"covered":0,"skipped":0,"pct":"Unknown"}}
,"C:\\Users\\Goose\\Desktop\\csc648\\csc648-01-sp24-csc-01-team04\\backend\\db.js": {"lines":{"total":4,"covered":4,"skipped":0,"pct":100},"functions":{"total":0,"covered":0,"skipped":0,"pct":100},"statements":{"total":4,"covered":4,"skipped":0,"pct":100},"branches":{"total":0,"covered":0,"skipped":0,"pct":100}}
,"C:\\Users\\Goose\\Desktop\\csc648\\csc648-01-sp24-csc-01-team04\\backend\\server.js": {"lines":{"total":282,"covered":62,"skipped":0,"pct":21.98},"functions":{"total":20,"covered":4,"skipped":0,"pct":20},"statements":{"total":283,"covered":62,"skipped":0,"pct":21.9},"branches":{"total":145,"covered":17,"skipped":0,"pct":11.72}}
}
