{"C:\\Users\\jacky\\Desktop\\csc648-01-sp24-csc-01-team04\\backend\\db.js": {"path":"C:\\Users\\jacky\\Desktop\\csc648-01-sp24-csc-01-team04\\backend\\db.js","statementMap":{"0":{"start":{"line":1,"column":14},"end":{"line":1,"column":31}},"1":{"start":{"line":2,"column":13},"end":{"line":36,"column":2}},"2":{"start":{"line":38,"column":20},"end":{"line":38,"column":34}},"3":{"start":{"line":39,"column":0},"end":{"line":39,"column":29}}},"fnMap":{},"branchMap":{},"s":{"0":1,"1":1,"2":1,"3":1},"f":{},"b":{},"_coverageSchema":"1a1c01bbd47fc00a2c39e90264f33305004495a9","hash":"31eeb4efa1c9c452d74601a15915b329c56b1f9f"}
,"C:\\Users\\jacky\\Desktop\\csc648-01-sp24-csc-01-team04\\backend\\server.js": {"path":"C:\\Users\\jacky\\Desktop\\csc648-01-sp24-csc-01-team04\\backend\\server.js","statementMap":{"0":{"start":{"line":1,"column":16},"end":{"line":1,"column":34}},"1":{"start":{"line":2,"column":11},"end":{"line":2,"column":26}},"2":{"start":{"line":3,"column":19},"end":{"line":3,"column":41}},"3":{"start":{"line":4,"column":21},"end":{"line":4,"column":45}},"4":{"start":{"line":5,"column":16},"end":{"line":5,"column":42}},"5":{"start":{"line":8,"column":15},"end":{"line":8,"column":32}},"6":{"start":{"line":10,"column":13},"end":{"line":10,"column":37}},"7":{"start":{"line":11,"column":12},"end":{"line":11,"column":37}},"8":{"start":{"line":12,"column":13},"end":{"line":12,"column":28}},"9":{"start":{"line":14,"column":12},"end":{"line":14,"column":21}},"10":{"start":{"line":15,"column":0},"end":{"line":15,"column":24}},"11":{"start":{"line":16,"column":0},"end":{"line":16,"column":27}},"12":{"start":{"line":19,"column":20},"end":{"line":22,"column":1}},"13":{"start":{"line":23,"column":0},"end":{"line":23,"column":27}},"14":{"start":{"line":24,"column":0},"end":{"line":24,"column":24}},"15":{"start":{"line":25,"column":0},"end":{"line":25,"column":51}},"16":{"start":{"line":31,"column":0},"end":{"line":36,"column":4}},"17":{"start":{"line":43,"column":0},"end":{"line":79,"column":3}},"18":{"start":{"line":45,"column":28},"end":{"line":45,"column":36}},"19":{"start":{"line":47,"column":2},"end":{"line":49,"column":3}},"20":{"start":{"line":48,"column":4},"end":{"line":48,"column":81}},"21":{"start":{"line":51,"column":2},"end":{"line":78,"column":3}},"22":{"start":{"line":52,"column":4},"end":{"line":74,"column":5}},"23":{"start":{"line":53,"column":22},"end":{"line":53,"column":61}},"24":{"start":{"line":54,"column":26},"end":{"line":54,"column":55}},"25":{"start":{"line":56,"column":6},"end":{"line":73,"column":7}},"26":{"start":{"line":57,"column":23},"end":{"line":57,"column":48}},"27":{"start":{"line":58,"column":8},"end":{"line":58,"column":38}},"28":{"start":{"line":60,"column":8},"end":{"line":60,"column":90}},"29":{"start":{"line":62,"column":33},"end":{"line":62,"column":85}},"30":{"start":{"line":64,"column":8},"end":{"line":69,"column":9}},"31":{"start":{"line":66,"column":10},"end":{"line":66,"column":117}},"32":{"start":{"line":68,"column":10},"end":{"line":68,"column":33}},"33":{"start":{"line":72,"column":8},"end":{"line":72,"column":75}},"34":{"start":{"line":76,"column":4},"end":{"line":76,"column":25}},"35":{"start":{"line":77,"column":4},"end":{"line":77,"column":70}},"36":{"start":{"line":87,"column":0},"end":{"line":119,"column":3}},"37":{"start":{"line":88,"column":65},"end":{"line":88,"column":73}},"38":{"start":{"line":90,"column":2},"end":{"line":92,"column":3}},"39":{"start":{"line":91,"column":4},"end":{"line":91,"column":81}},"40":{"start":{"line":94,"column":2},"end":{"line":118,"column":3}},"41":{"start":{"line":96,"column":20},"end":{"line":96,"column":43}},"42":{"start":{"line":99,"column":4},"end":{"line":114,"column":5}},"43":{"start":{"line":100,"column":6},"end":{"line":100,"column":50}},"44":{"start":{"line":101,"column":6},"end":{"line":101,"column":73}},"45":{"start":{"line":104,"column":23},"end":{"line":104,"column":54}},"46":{"start":{"line":105,"column":26},"end":{"line":106,"column":46}},"47":{"start":{"line":107,"column":33},"end":{"line":107,"column":116}},"48":{"start":{"line":109,"column":6},"end":{"line":113,"column":7}},"49":{"start":{"line":110,"column":8},"end":{"line":110,"column":75}},"50":{"start":{"line":112,"column":8},"end":{"line":112,"column":76}},"51":{"start":{"line":116,"column":4},"end":{"line":116,"column":25}},"52":{"start":{"line":117,"column":4},"end":{"line":117,"column":70}},"53":{"start":{"line":129,"column":0},"end":{"line":146,"column":3}},"54":{"start":{"line":130,"column":2},"end":{"line":132,"column":3}},"55":{"start":{"line":131,"column":4},"end":{"line":131,"column":64}},"56":{"start":{"line":133,"column":2},"end":{"line":145,"column":3}},"57":{"start":{"line":134,"column":18},"end":{"line":134,"column":73}},"58":{"start":{"line":135,"column":30},"end":{"line":135,"column":74}},"59":{"start":{"line":137,"column":4},"end":{"line":141,"column":5}},"60":{"start":{"line":138,"column":6},"end":{"line":138,"column":98}},"61":{"start":{"line":140,"column":6},"end":{"line":140,"column":70}},"62":{"start":{"line":143,"column":4},"end":{"line":143,"column":25}},"63":{"start":{"line":144,"column":4},"end":{"line":144,"column":16}},"64":{"start":{"line":153,"column":0},"end":{"line":171,"column":3}},"65":{"start":{"line":154,"column":2},"end":{"line":156,"column":3}},"66":{"start":{"line":155,"column":4},"end":{"line":155,"column":61}},"67":{"start":{"line":158,"column":2},"end":{"line":170,"column":3}},"68":{"start":{"line":159,"column":18},"end":{"line":159,"column":144}},"69":{"start":{"line":160,"column":30},"end":{"line":160,"column":71}},"70":{"start":{"line":162,"column":4},"end":{"line":166,"column":5}},"71":{"start":{"line":163,"column":6},"end":{"line":163,"column":46}},"72":{"start":{"line":165,"column":6},"end":{"line":165,"column":61}},"73":{"start":{"line":168,"column":4},"end":{"line":168,"column":25}},"74":{"start":{"line":169,"column":4},"end":{"line":169,"column":16}},"75":{"start":{"line":179,"column":0},"end":{"line":210,"column":3}},"76":{"start":{"line":180,"column":2},"end":{"line":182,"column":3}},"77":{"start":{"line":181,"column":4},"end":{"line":181,"column":61}},"78":{"start":{"line":184,"column":2},"end":{"line":209,"column":3}},"79":{"start":{"line":185,"column":29},"end":{"line":185,"column":31}},"80":{"start":{"line":186,"column":19},"end":{"line":186,"column":21}},"81":{"start":{"line":188,"column":4},"end":{"line":193,"column":5}},"82":{"start":{"line":189,"column":6},"end":{"line":192,"column":7}},"83":{"start":{"line":190,"column":8},"end":{"line":190,"column":35}},"84":{"start":{"line":191,"column":8},"end":{"line":191,"column":27}},"85":{"start":{"line":195,"column":23},"end":{"line":195,"column":107}},"86":{"start":{"line":195,"column":63},"end":{"line":195,"column":95}},"87":{"start":{"line":196,"column":18},"end":{"line":196,"column":75}},"88":{"start":{"line":198,"column":4},"end":{"line":198,"column":22}},"89":{"start":{"line":200,"column":30},"end":{"line":200,"column":53}},"90":{"start":{"line":201,"column":4},"end":{"line":205,"column":5}},"91":{"start":{"line":202,"column":6},"end":{"line":202,"column":64}},"92":{"start":{"line":204,"column":6},"end":{"line":204,"column":92}},"93":{"start":{"line":207,"column":4},"end":{"line":207,"column":25}},"94":{"start":{"line":208,"column":4},"end":{"line":208,"column":16}},"95":{"start":{"line":218,"column":0},"end":{"line":237,"column":3}},"96":{"start":{"line":219,"column":2},"end":{"line":221,"column":3}},"97":{"start":{"line":220,"column":4},"end":{"line":220,"column":61}},"98":{"start":{"line":223,"column":2},"end":{"line":236,"column":3}},"99":{"start":{"line":224,"column":18},"end":{"line":224,"column":135}},"100":{"start":{"line":225,"column":30},"end":{"line":225,"column":71}},"101":{"start":{"line":227,"column":4},"end":{"line":232,"column":5}},"102":{"start":{"line":228,"column":6},"end":{"line":228,"column":27}},"103":{"start":{"line":229,"column":6},"end":{"line":229,"column":43}},"104":{"start":{"line":231,"column":6},"end":{"line":231,"column":73}},"105":{"start":{"line":234,"column":4},"end":{"line":234,"column":25}},"106":{"start":{"line":235,"column":4},"end":{"line":235,"column":16}},"107":{"start":{"line":245,"column":0},"end":{"line":266,"column":3}},"108":{"start":{"line":246,"column":2},"end":{"line":246,"column":34}},"109":{"start":{"line":247,"column":2},"end":{"line":247,"column":23}},"110":{"start":{"line":248,"column":2},"end":{"line":250,"column":3}},"111":{"start":{"line":249,"column":4},"end":{"line":249,"column":63}},"112":{"start":{"line":252,"column":2},"end":{"line":265,"column":3}},"113":{"start":{"line":253,"column":18},"end":{"line":253,"column":135}},"114":{"start":{"line":254,"column":30},"end":{"line":254,"column":71}},"115":{"start":{"line":256,"column":4},"end":{"line":261,"column":5}},"116":{"start":{"line":257,"column":6},"end":{"line":257,"column":27}},"117":{"start":{"line":258,"column":6},"end":{"line":258,"column":43}},"118":{"start":{"line":260,"column":6},"end":{"line":260,"column":71}},"119":{"start":{"line":263,"column":4},"end":{"line":263,"column":25}},"120":{"start":{"line":264,"column":4},"end":{"line":264,"column":16}},"121":{"start":{"line":274,"column":0},"end":{"line":317,"column":5}},"122":{"start":{"line":275,"column":28},"end":{"line":275,"column":36}},"123":{"start":{"line":276,"column":2},"end":{"line":278,"column":3}},"124":{"start":{"line":277,"column":4},"end":{"line":277,"column":64}},"125":{"start":{"line":280,"column":4},"end":{"line":316,"column":5}},"126":{"start":{"line":281,"column":26},"end":{"line":281,"column":55}},"127":{"start":{"line":282,"column":20},"end":{"line":282,"column":43}},"128":{"start":{"line":283,"column":6},"end":{"line":285,"column":7}},"129":{"start":{"line":284,"column":8},"end":{"line":284,"column":69}},"130":{"start":{"line":286,"column":25},"end":{"line":286,"column":52}},"131":{"start":{"line":288,"column":6},"end":{"line":288,"column":82}},"132":{"start":{"line":290,"column":6},"end":{"line":292,"column":7}},"133":{"start":{"line":291,"column":8},"end":{"line":291,"column":88}},"134":{"start":{"line":294,"column":6},"end":{"line":312,"column":7}},"135":{"start":{"line":295,"column":28},"end":{"line":295,"column":96}},"136":{"start":{"line":296,"column":34},"end":{"line":296,"column":79}},"137":{"start":{"line":297,"column":8},"end":{"line":301,"column":9}},"138":{"start":{"line":298,"column":10},"end":{"line":298,"column":66}},"139":{"start":{"line":300,"column":10},"end":{"line":300,"column":92}},"140":{"start":{"line":302,"column":13},"end":{"line":312,"column":7}},"141":{"start":{"line":303,"column":28},"end":{"line":303,"column":96}},"142":{"start":{"line":304,"column":34},"end":{"line":304,"column":79}},"143":{"start":{"line":305,"column":8},"end":{"line":309,"column":9}},"144":{"start":{"line":306,"column":10},"end":{"line":306,"column":66}},"145":{"start":{"line":308,"column":10},"end":{"line":308,"column":92}},"146":{"start":{"line":311,"column":8},"end":{"line":311,"column":76}},"147":{"start":{"line":314,"column":6},"end":{"line":314,"column":27}},"148":{"start":{"line":315,"column":6},"end":{"line":315,"column":18}},"149":{"start":{"line":321,"column":0},"end":{"line":323,"column":3}},"150":{"start":{"line":322,"column":2},"end":{"line":322,"column":55}},"151":{"start":{"line":330,"column":2},"end":{"line":330,"column":41}},"152":{"start":{"line":331,"column":2},"end":{"line":349,"column":3}},"153":{"start":{"line":332,"column":18},"end":{"line":332,"column":64}},"154":{"start":{"line":333,"column":30},"end":{"line":333,"column":60}},"155":{"start":{"line":334,"column":4},"end":{"line":345,"column":5}},"156":{"start":{"line":335,"column":23},"end":{"line":335,"column":42}},"157":{"start":{"line":336,"column":22},"end":{"line":336,"column":64}},"158":{"start":{"line":337,"column":6},"end":{"line":340,"column":7}},"159":{"start":{"line":338,"column":8},"end":{"line":338,"column":55}},"160":{"start":{"line":339,"column":8},"end":{"line":339,"column":29}},"161":{"start":{"line":341,"column":6},"end":{"line":341,"column":21}},"162":{"start":{"line":343,"column":6},"end":{"line":343,"column":44}},"163":{"start":{"line":344,"column":6},"end":{"line":344,"column":19}},"164":{"start":{"line":347,"column":4},"end":{"line":347,"column":25}},"165":{"start":{"line":348,"column":4},"end":{"line":348,"column":16}},"166":{"start":{"line":354,"column":2},"end":{"line":354,"column":41}},"167":{"start":{"line":355,"column":2},"end":{"line":367,"column":3}},"168":{"start":{"line":356,"column":18},"end":{"line":356,"column":98}},"169":{"start":{"line":357,"column":30},"end":{"line":357,"column":82}},"170":{"start":{"line":359,"column":4},"end":{"line":363,"column":5}},"171":{"start":{"line":360,"column":6},"end":{"line":360,"column":18}},"172":{"start":{"line":362,"column":6},"end":{"line":362,"column":19}},"173":{"start":{"line":365,"column":4},"end":{"line":365,"column":23}},"174":{"start":{"line":366,"column":4},"end":{"line":366,"column":16}},"175":{"start":{"line":372,"column":2},"end":{"line":372,"column":53}},"176":{"start":{"line":373,"column":2},"end":{"line":385,"column":3}},"177":{"start":{"line":374,"column":18},"end":{"line":374,"column":56}},"178":{"start":{"line":375,"column":30},"end":{"line":375,"column":60}},"179":{"start":{"line":376,"column":4},"end":{"line":381,"column":5}},"180":{"start":{"line":377,"column":6},"end":{"line":377,"column":61}},"181":{"start":{"line":378,"column":6},"end":{"line":378,"column":27}},"182":{"start":{"line":380,"column":6},"end":{"line":380,"column":18}},"183":{"start":{"line":383,"column":4},"end":{"line":383,"column":23}},"184":{"start":{"line":384,"column":4},"end":{"line":384,"column":16}},"185":{"start":{"line":390,"column":0},"end":{"line":406,"column":3}},"186":{"start":{"line":391,"column":2},"end":{"line":393,"column":3}},"187":{"start":{"line":392,"column":4},"end":{"line":392,"column":60}},"188":{"start":{"line":395,"column":2},"end":{"line":405,"column":3}},"189":{"start":{"line":396,"column":26},"end":{"line":396,"column":55}},"190":{"start":{"line":397,"column":4},"end":{"line":401,"column":5}},"191":{"start":{"line":398,"column":6},"end":{"line":398,"column":47}},"192":{"start":{"line":400,"column":6},"end":{"line":400,"column":62}},"193":{"start":{"line":403,"column":4},"end":{"line":403,"column":25}},"194":{"start":{"line":404,"column":4},"end":{"line":404,"column":16}},"195":{"start":{"line":411,"column":2},"end":{"line":411,"column":66}},"196":{"start":{"line":412,"column":2},"end":{"line":425,"column":3}},"197":{"start":{"line":413,"column":18},"end":{"line":413,"column":63}},"198":{"start":{"line":414,"column":30},"end":{"line":414,"column":62}},"199":{"start":{"line":415,"column":4},"end":{"line":420,"column":5}},"200":{"start":{"line":416,"column":6},"end":{"line":416,"column":37}},"201":{"start":{"line":418,"column":6},"end":{"line":418,"column":60}},"202":{"start":{"line":419,"column":6},"end":{"line":419,"column":18}},"203":{"start":{"line":423,"column":4},"end":{"line":423,"column":23}},"204":{"start":{"line":424,"column":4},"end":{"line":424,"column":16}},"205":{"start":{"line":434,"column":0},"end":{"line":466,"column":3}},"206":{"start":{"line":435,"column":103},"end":{"line":435,"column":111}},"207":{"start":{"line":436,"column":2},"end":{"line":438,"column":3}},"208":{"start":{"line":437,"column":4},"end":{"line":437,"column":79}},"209":{"start":{"line":440,"column":2},"end":{"line":464,"column":3}},"210":{"start":{"line":441,"column":20},"end":{"line":441,"column":22}},"211":{"start":{"line":442,"column":25},"end":{"line":442,"column":27}},"212":{"start":{"line":443,"column":19},"end":{"line":443,"column":21}},"213":{"start":{"line":445,"column":4},"end":{"line":451,"column":5}},"214":{"start":{"line":446,"column":6},"end":{"line":450,"column":7}},"215":{"start":{"line":447,"column":8},"end":{"line":447,"column":26}},"216":{"start":{"line":448,"column":8},"end":{"line":448,"column":31}},"217":{"start":{"line":449,"column":8},"end":{"line":449,"column":27}},"218":{"start":{"line":453,"column":18},"end":{"line":453,"column":104}},"219":{"start":{"line":454,"column":30},"end":{"line":454,"column":59}},"220":{"start":{"line":456,"column":4},"end":{"line":460,"column":5}},"221":{"start":{"line":457,"column":6},"end":{"line":457,"column":64}},"222":{"start":{"line":459,"column":6},"end":{"line":459,"column":92}},"223":{"start":{"line":462,"column":4},"end":{"line":462,"column":25}},"224":{"start":{"line":463,"column":4},"end":{"line":463,"column":16}},"225":{"start":{"line":473,"column":0},"end":{"line":493,"column":3}},"226":{"start":{"line":474,"column":17},"end":{"line":474,"column":25}},"227":{"start":{"line":475,"column":2},"end":{"line":475,"column":24}},"228":{"start":{"line":476,"column":2},"end":{"line":478,"column":3}},"229":{"start":{"line":477,"column":4},"end":{"line":477,"column":71}},"230":{"start":{"line":480,"column":2},"end":{"line":492,"column":3}},"231":{"start":{"line":481,"column":4},"end":{"line":481,"column":40}},"232":{"start":{"line":482,"column":24},"end":{"line":482,"column":63}},"233":{"start":{"line":483,"column":30},"end":{"line":483,"column":63}},"234":{"start":{"line":484,"column":4},"end":{"line":488,"column":5}},"235":{"start":{"line":485,"column":6},"end":{"line":485,"column":74}},"236":{"start":{"line":487,"column":6},"end":{"line":487,"column":69}},"237":{"start":{"line":490,"column":4},"end":{"line":490,"column":25}},"238":{"start":{"line":491,"column":4},"end":{"line":491,"column":70}},"239":{"start":{"line":501,"column":0},"end":{"line":523,"column":3}},"240":{"start":{"line":502,"column":2},"end":{"line":502,"column":24}},"241":{"start":{"line":503,"column":22},"end":{"line":503,"column":30}},"242":{"start":{"line":504,"column":2},"end":{"line":504,"column":44}},"243":{"start":{"line":506,"column":2},"end":{"line":508,"column":3}},"244":{"start":{"line":507,"column":4},"end":{"line":507,"column":63}},"245":{"start":{"line":510,"column":2},"end":{"line":522,"column":3}},"246":{"start":{"line":511,"column":4},"end":{"line":511,"column":39}},"247":{"start":{"line":512,"column":24},"end":{"line":512,"column":70}},"248":{"start":{"line":513,"column":31},"end":{"line":513,"column":69}},"249":{"start":{"line":514,"column":4},"end":{"line":518,"column":5}},"250":{"start":{"line":515,"column":6},"end":{"line":515,"column":43}},"251":{"start":{"line":517,"column":6},"end":{"line":517,"column":68}},"252":{"start":{"line":520,"column":4},"end":{"line":520,"column":25}},"253":{"start":{"line":521,"column":4},"end":{"line":521,"column":70}},"254":{"start":{"line":531,"column":0},"end":{"line":551,"column":3}},"255":{"start":{"line":532,"column":25},"end":{"line":532,"column":33}},"256":{"start":{"line":533,"column":2},"end":{"line":535,"column":3}},"257":{"start":{"line":534,"column":4},"end":{"line":534,"column":72}},"258":{"start":{"line":537,"column":2},"end":{"line":550,"column":3}},"259":{"start":{"line":538,"column":4},"end":{"line":538,"column":34}},"260":{"start":{"line":539,"column":4},"end":{"line":539,"column":28}},"261":{"start":{"line":540,"column":24},"end":{"line":540,"column":77}},"262":{"start":{"line":541,"column":30},"end":{"line":541,"column":71}},"263":{"start":{"line":542,"column":4},"end":{"line":546,"column":5}},"264":{"start":{"line":543,"column":6},"end":{"line":543,"column":62}},"265":{"start":{"line":545,"column":6},"end":{"line":545,"column":68}},"266":{"start":{"line":548,"column":4},"end":{"line":548,"column":25}},"267":{"start":{"line":549,"column":4},"end":{"line":549,"column":70}},"268":{"start":{"line":560,"column":0},"end":{"line":587,"column":3}},"269":{"start":{"line":561,"column":57},"end":{"line":561,"column":65}},"270":{"start":{"line":562,"column":2},"end":{"line":564,"column":3}},"271":{"start":{"line":563,"column":4},"end":{"line":563,"column":87}},"272":{"start":{"line":566,"column":2},"end":{"line":586,"column":3}},"273":{"start":{"line":567,"column":4},"end":{"line":567,"column":47}},"274":{"start":{"line":570,"column":24},"end":{"line":576,"column":31}},"275":{"start":{"line":577,"column":31},"end":{"line":577,"column":106}},"276":{"start":{"line":578,"column":4},"end":{"line":582,"column":5}},"277":{"start":{"line":579,"column":6},"end":{"line":579,"column":81}},"278":{"start":{"line":581,"column":6},"end":{"line":581,"column":84}},"279":{"start":{"line":584,"column":5},"end":{"line":584,"column":26}},"280":{"start":{"line":585,"column":5},"end":{"line":585,"column":71}},"281":{"start":{"line":596,"column":0},"end":{"line":615,"column":3}},"282":{"start":{"line":597,"column":22},"end":{"line":597,"column":30}},"283":{"start":{"line":598,"column":2},"end":{"line":600,"column":3}},"284":{"start":{"line":599,"column":4},"end":{"line":599,"column":69}},"285":{"start":{"line":602,"column":2},"end":{"line":614,"column":3}},"286":{"start":{"line":603,"column":4},"end":{"line":603,"column":48}},"287":{"start":{"line":604,"column":24},"end":{"line":604,"column":65}},"288":{"start":{"line":605,"column":31},"end":{"line":605,"column":69}},"289":{"start":{"line":606,"column":4},"end":{"line":610,"column":5}},"290":{"start":{"line":607,"column":6},"end":{"line":607,"column":43}},"291":{"start":{"line":609,"column":6},"end":{"line":609,"column":77}},"292":{"start":{"line":612,"column":4},"end":{"line":612,"column":25}},"293":{"start":{"line":613,"column":4},"end":{"line":613,"column":70}},"294":{"start":{"line":617,"column":0},"end":{"line":617,"column":21}}},"fnMap":{"0":{"name":"(anonymous_0)","decl":{"start":{"line":43,"column":19},"end":{"line":43,"column":20}},"loc":{"start":{"line":43,"column":39},"end":{"line":79,"column":1}},"line":43},"1":{"name":"(anonymous_1)","decl":{"start":{"line":87,"column":22},"end":{"line":87,"column":23}},"loc":{"start":{"line":87,"column":42},"end":{"line":119,"column":1}},"line":87},"2":{"name":"(anonymous_2)","decl":{"start":{"line":129,"column":21},"end":{"line":129,"column":22}},"loc":{"start":{"line":129,"column":41},"end":{"line":146,"column":1}},"line":129},"3":{"name":"(anonymous_3)","decl":{"start":{"line":153,"column":21},"end":{"line":153,"column":22}},"loc":{"start":{"line":153,"column":41},"end":{"line":171,"column":1}},"line":153},"4":{"name":"(anonymous_4)","decl":{"start":{"line":179,"column":26},"end":{"line":179,"column":27}},"loc":{"start":{"line":179,"column":46},"end":{"line":210,"column":1}},"line":179},"5":{"name":"(anonymous_5)","decl":{"start":{"line":195,"column":44},"end":{"line":195,"column":45}},"loc":{"start":{"line":195,"column":63},"end":{"line":195,"column":95}},"line":195},"6":{"name":"(anonymous_6)","decl":{"start":{"line":218,"column":28},"end":{"line":218,"column":29}},"loc":{"start":{"line":218,"column":48},"end":{"line":237,"column":1}},"line":218},"7":{"name":"(anonymous_7)","decl":{"start":{"line":245,"column":26},"end":{"line":245,"column":27}},"loc":{"start":{"line":245,"column":46},"end":{"line":266,"column":1}},"line":245},"8":{"name":"(anonymous_8)","decl":{"start":{"line":274,"column":26},"end":{"line":274,"column":27}},"loc":{"start":{"line":274,"column":46},"end":{"line":317,"column":3}},"line":274},"9":{"name":"(anonymous_9)","decl":{"start":{"line":321,"column":17},"end":{"line":321,"column":18}},"loc":{"start":{"line":321,"column":23},"end":{"line":323,"column":1}},"line":321},"10":{"name":"checkCredentials","decl":{"start":{"line":329,"column":15},"end":{"line":329,"column":31}},"loc":{"start":{"line":329,"column":49},"end":{"line":350,"column":1}},"line":329},"11":{"name":"createSession","decl":{"start":{"line":353,"column":15},"end":{"line":353,"column":28}},"loc":{"start":{"line":353,"column":58},"end":{"line":368,"column":1}},"line":353},"12":{"name":"hasAccount","decl":{"start":{"line":371,"column":15},"end":{"line":371,"column":25}},"loc":{"start":{"line":371,"column":33},"end":{"line":386,"column":1}},"line":371},"13":{"name":"(anonymous_13)","decl":{"start":{"line":390,"column":28},"end":{"line":390,"column":29}},"loc":{"start":{"line":390,"column":48},"end":{"line":406,"column":1}},"line":390},"14":{"name":"getAccountType","decl":{"start":{"line":410,"column":15},"end":{"line":410,"column":29}},"loc":{"start":{"line":410,"column":39},"end":{"line":426,"column":1}},"line":410},"15":{"name":"(anonymous_15)","decl":{"start":{"line":434,"column":25},"end":{"line":434,"column":26}},"loc":{"start":{"line":434,"column":45},"end":{"line":466,"column":1}},"line":434},"16":{"name":"(anonymous_16)","decl":{"start":{"line":473,"column":28},"end":{"line":473,"column":29}},"loc":{"start":{"line":473,"column":48},"end":{"line":493,"column":1}},"line":473},"17":{"name":"(anonymous_17)","decl":{"start":{"line":501,"column":26},"end":{"line":501,"column":27}},"loc":{"start":{"line":501,"column":46},"end":{"line":523,"column":1}},"line":501},"18":{"name":"(anonymous_18)","decl":{"start":{"line":531,"column":20},"end":{"line":531,"column":21}},"loc":{"start":{"line":531,"column":40},"end":{"line":551,"column":1}},"line":531},"19":{"name":"(anonymous_19)","decl":{"start":{"line":560,"column":34},"end":{"line":560,"column":35}},"loc":{"start":{"line":560,"column":54},"end":{"line":587,"column":1}},"line":560},"20":{"name":"(anonymous_20)","decl":{"start":{"line":596,"column":30},"end":{"line":596,"column":31}},"loc":{"start":{"line":596,"column":50},"end":{"line":615,"column":1}},"line":596}},"branchMap":{"0":{"loc":{"start":{"line":10,"column":13},"end":{"line":10,"column":37}},"type":"binary-expr","locations":[{"start":{"line":10,"column":13},"end":{"line":10,"column":29}},{"start":{"line":10,"column":33},"end":{"line":10,"column":37}}],"line":10},"1":{"loc":{"start":{"line":47,"column":2},"end":{"line":49,"column":3}},"type":"if","locations":[{"start":{"line":47,"column":2},"end":{"line":49,"column":3}},{"start":{},"end":{}}],"line":47},"2":{"loc":{"start":{"line":47,"column":6},"end":{"line":47,"column":25}},"type":"binary-expr","locations":[{"start":{"line":47,"column":6},"end":{"line":47,"column":12}},{"start":{"line":47,"column":16},"end":{"line":47,"column":25}}],"line":47},"3":{"loc":{"start":{"line":52,"column":4},"end":{"line":74,"column":5}},"type":"if","locations":[{"start":{"line":52,"column":4},"end":{"line":74,"column":5}},{"start":{},"end":{}}],"line":52},"4":{"loc":{"start":{"line":52,"column":8},"end":{"line":52,"column":25}},"type":"binary-expr","locations":[{"start":{"line":52,"column":8},"end":{"line":52,"column":13}},{"start":{"line":52,"column":17},"end":{"line":52,"column":25}}],"line":52},"5":{"loc":{"start":{"line":56,"column":6},"end":{"line":73,"column":7}},"type":"if","locations":[{"start":{"line":56,"column":6},"end":{"line":73,"column":7}},{"start":{"line":71,"column":13},"end":{"line":73,"column":7}}],"line":56},"6":{"loc":{"start":{"line":64,"column":8},"end":{"line":69,"column":9}},"type":"if","locations":[{"start":{"line":64,"column":8},"end":{"line":69,"column":9}},{"start":{"line":67,"column":15},"end":{"line":69,"column":9}}],"line":64},"7":{"loc":{"start":{"line":90,"column":2},"end":{"line":92,"column":3}},"type":"if","locations":[{"start":{"line":90,"column":2},"end":{"line":92,"column":3}},{"start":{},"end":{}}],"line":90},"8":{"loc":{"start":{"line":90,"column":6},"end":{"line":90,"column":71}},"type":"binary-expr","locations":[{"start":{"line":90,"column":6},"end":{"line":90,"column":17}},{"start":{"line":90,"column":21},"end":{"line":90,"column":31}},{"start":{"line":90,"column":35},"end":{"line":90,"column":41}},{"start":{"line":90,"column":45},"end":{"line":90,"column":54}},{"start":{"line":90,"column":58},"end":{"line":90,"column":71}}],"line":90},"9":{"loc":{"start":{"line":99,"column":4},"end":{"line":114,"column":5}},"type":"if","locations":[{"start":{"line":99,"column":4},"end":{"line":114,"column":5}},{"start":{"line":102,"column":11},"end":{"line":114,"column":5}}],"line":99},"10":{"loc":{"start":{"line":109,"column":6},"end":{"line":113,"column":7}},"type":"if","locations":[{"start":{"line":109,"column":6},"end":{"line":113,"column":7}},{"start":{"line":111,"column":13},"end":{"line":113,"column":7}}],"line":109},"11":{"loc":{"start":{"line":109,"column":10},"end":{"line":109,"column":46}},"type":"binary-expr","locations":[{"start":{"line":109,"column":10},"end":{"line":109,"column":17}},{"start":{"line":109,"column":21},"end":{"line":109,"column":46}}],"line":109},"12":{"loc":{"start":{"line":130,"column":2},"end":{"line":132,"column":3}},"type":"if","locations":[{"start":{"line":130,"column":2},"end":{"line":132,"column":3}},{"start":{},"end":{}}],"line":130},"13":{"loc":{"start":{"line":137,"column":4},"end":{"line":141,"column":5}},"type":"if","locations":[{"start":{"line":137,"column":4},"end":{"line":141,"column":5}},{"start":{"line":139,"column":11},"end":{"line":141,"column":5}}],"line":137},"14":{"loc":{"start":{"line":137,"column":8},"end":{"line":137,"column":65}},"type":"binary-expr","locations":[{"start":{"line":137,"column":8},"end":{"line":137,"column":15}},{"start":{"line":137,"column":19},"end":{"line":137,"column":38}},{"start":{"line":137,"column":42},"end":{"line":137,"column":65}}],"line":137},"15":{"loc":{"start":{"line":154,"column":2},"end":{"line":156,"column":3}},"type":"if","locations":[{"start":{"line":154,"column":2},"end":{"line":156,"column":3}},{"start":{},"end":{}}],"line":154},"16":{"loc":{"start":{"line":162,"column":4},"end":{"line":166,"column":5}},"type":"if","locations":[{"start":{"line":162,"column":4},"end":{"line":166,"column":5}},{"start":{"line":164,"column":11},"end":{"line":166,"column":5}}],"line":162},"17":{"loc":{"start":{"line":162,"column":8},"end":{"line":162,"column":38}},"type":"binary-expr","locations":[{"start":{"line":162,"column":8},"end":{"line":162,"column":15}},{"start":{"line":162,"column":19},"end":{"line":162,"column":38}}],"line":162},"18":{"loc":{"start":{"line":180,"column":2},"end":{"line":182,"column":3}},"type":"if","locations":[{"start":{"line":180,"column":2},"end":{"line":182,"column":3}},{"start":{},"end":{}}],"line":180},"19":{"loc":{"start":{"line":189,"column":6},"end":{"line":192,"column":7}},"type":"if","locations":[{"start":{"line":189,"column":6},"end":{"line":192,"column":7}},{"start":{},"end":{}}],"line":189},"20":{"loc":{"start":{"line":189,"column":10},"end":{"line":189,"column":43}},"type":"binary-expr","locations":[{"start":{"line":189,"column":10},"end":{"line":189,"column":22}},{"start":{"line":189,"column":26},"end":{"line":189,"column":43}}],"line":189},"21":{"loc":{"start":{"line":201,"column":4},"end":{"line":205,"column":5}},"type":"if","locations":[{"start":{"line":201,"column":4},"end":{"line":205,"column":5}},{"start":{"line":203,"column":11},"end":{"line":205,"column":5}}],"line":201},"22":{"loc":{"start":{"line":201,"column":8},"end":{"line":201,"column":45}},"type":"binary-expr","locations":[{"start":{"line":201,"column":8},"end":{"line":201,"column":15}},{"start":{"line":201,"column":19},"end":{"line":201,"column":45}}],"line":201},"23":{"loc":{"start":{"line":219,"column":2},"end":{"line":221,"column":3}},"type":"if","locations":[{"start":{"line":219,"column":2},"end":{"line":221,"column":3}},{"start":{},"end":{}}],"line":219},"24":{"loc":{"start":{"line":227,"column":4},"end":{"line":232,"column":5}},"type":"if","locations":[{"start":{"line":227,"column":4},"end":{"line":232,"column":5}},{"start":{"line":230,"column":11},"end":{"line":232,"column":5}}],"line":227},"25":{"loc":{"start":{"line":227,"column":8},"end":{"line":227,"column":38}},"type":"binary-expr","locations":[{"start":{"line":227,"column":8},"end":{"line":227,"column":15}},{"start":{"line":227,"column":19},"end":{"line":227,"column":38}}],"line":227},"26":{"loc":{"start":{"line":248,"column":2},"end":{"line":250,"column":3}},"type":"if","locations":[{"start":{"line":248,"column":2},"end":{"line":250,"column":3}},{"start":{},"end":{}}],"line":248},"27":{"loc":{"start":{"line":256,"column":4},"end":{"line":261,"column":5}},"type":"if","locations":[{"start":{"line":256,"column":4},"end":{"line":261,"column":5}},{"start":{"line":259,"column":11},"end":{"line":261,"column":5}}],"line":256},"28":{"loc":{"start":{"line":256,"column":8},"end":{"line":256,"column":38}},"type":"binary-expr","locations":[{"start":{"line":256,"column":8},"end":{"line":256,"column":15}},{"start":{"line":256,"column":19},"end":{"line":256,"column":38}}],"line":256},"29":{"loc":{"start":{"line":276,"column":2},"end":{"line":278,"column":3}},"type":"if","locations":[{"start":{"line":276,"column":2},"end":{"line":278,"column":3}},{"start":{},"end":{}}],"line":276},"30":{"loc":{"start":{"line":276,"column":6},"end":{"line":276,"column":24}},"type":"binary-expr","locations":[{"start":{"line":276,"column":6},"end":{"line":276,"column":14}},{"start":{"line":276,"column":18},"end":{"line":276,"column":24}}],"line":276},"31":{"loc":{"start":{"line":283,"column":6},"end":{"line":285,"column":7}},"type":"if","locations":[{"start":{"line":283,"column":6},"end":{"line":285,"column":7}},{"start":{},"end":{}}],"line":283},"32":{"loc":{"start":{"line":290,"column":6},"end":{"line":292,"column":7}},"type":"if","locations":[{"start":{"line":290,"column":6},"end":{"line":292,"column":7}},{"start":{},"end":{}}],"line":290},"33":{"loc":{"start":{"line":294,"column":6},"end":{"line":312,"column":7}},"type":"if","locations":[{"start":{"line":294,"column":6},"end":{"line":312,"column":7}},{"start":{"line":302,"column":13},"end":{"line":312,"column":7}}],"line":294},"34":{"loc":{"start":{"line":297,"column":8},"end":{"line":301,"column":9}},"type":"if","locations":[{"start":{"line":297,"column":8},"end":{"line":301,"column":9}},{"start":{"line":299,"column":15},"end":{"line":301,"column":9}}],"line":297},"35":{"loc":{"start":{"line":297,"column":12},"end":{"line":297,"column":48}},"type":"binary-expr","locations":[{"start":{"line":297,"column":12},"end":{"line":297,"column":19}},{"start":{"line":297,"column":23},"end":{"line":297,"column":48}}],"line":297},"36":{"loc":{"start":{"line":302,"column":13},"end":{"line":312,"column":7}},"type":"if","locations":[{"start":{"line":302,"column":13},"end":{"line":312,"column":7}},{"start":{"line":310,"column":13},"end":{"line":312,"column":7}}],"line":302},"37":{"loc":{"start":{"line":305,"column":8},"end":{"line":309,"column":9}},"type":"if","locations":[{"start":{"line":305,"column":8},"end":{"line":309,"column":9}},{"start":{"line":307,"column":15},"end":{"line":309,"column":9}}],"line":305},"38":{"loc":{"start":{"line":305,"column":12},"end":{"line":305,"column":48}},"type":"binary-expr","locations":[{"start":{"line":305,"column":12},"end":{"line":305,"column":19}},{"start":{"line":305,"column":23},"end":{"line":305,"column":48}}],"line":305},"39":{"loc":{"start":{"line":334,"column":4},"end":{"line":345,"column":5}},"type":"if","locations":[{"start":{"line":334,"column":4},"end":{"line":345,"column":5}},{"start":{"line":342,"column":11},"end":{"line":345,"column":5}}],"line":334},"40":{"loc":{"start":{"line":334,"column":8},"end":{"line":334,"column":38}},"type":"binary-expr","locations":[{"start":{"line":334,"column":8},"end":{"line":334,"column":15}},{"start":{"line":334,"column":19},"end":{"line":334,"column":38}}],"line":334},"41":{"loc":{"start":{"line":337,"column":6},"end":{"line":340,"column":7}},"type":"if","locations":[{"start":{"line":337,"column":6},"end":{"line":340,"column":7}},{"start":{},"end":{}}],"line":337},"42":{"loc":{"start":{"line":359,"column":4},"end":{"line":363,"column":5}},"type":"if","locations":[{"start":{"line":359,"column":4},"end":{"line":363,"column":5}},{"start":{"line":361,"column":11},"end":{"line":363,"column":5}}],"line":359},"43":{"loc":{"start":{"line":359,"column":8},"end":{"line":359,"column":44}},"type":"binary-expr","locations":[{"start":{"line":359,"column":8},"end":{"line":359,"column":15}},{"start":{"line":359,"column":19},"end":{"line":359,"column":44}}],"line":359},"44":{"loc":{"start":{"line":376,"column":4},"end":{"line":381,"column":5}},"type":"if","locations":[{"start":{"line":376,"column":4},"end":{"line":381,"column":5}},{"start":{"line":379,"column":11},"end":{"line":381,"column":5}}],"line":376},"45":{"loc":{"start":{"line":376,"column":8},"end":{"line":376,"column":38}},"type":"binary-expr","locations":[{"start":{"line":376,"column":8},"end":{"line":376,"column":15}},{"start":{"line":376,"column":19},"end":{"line":376,"column":38}}],"line":376},"46":{"loc":{"start":{"line":391,"column":2},"end":{"line":393,"column":3}},"type":"if","locations":[{"start":{"line":391,"column":2},"end":{"line":393,"column":3}},{"start":{},"end":{}}],"line":391},"47":{"loc":{"start":{"line":397,"column":4},"end":{"line":401,"column":5}},"type":"if","locations":[{"start":{"line":397,"column":4},"end":{"line":401,"column":5}},{"start":{"line":399,"column":9},"end":{"line":401,"column":5}}],"line":397},"48":{"loc":{"start":{"line":415,"column":4},"end":{"line":420,"column":5}},"type":"if","locations":[{"start":{"line":415,"column":4},"end":{"line":420,"column":5}},{"start":{"line":417,"column":11},"end":{"line":420,"column":5}}],"line":415},"49":{"loc":{"start":{"line":415,"column":8},"end":{"line":415,"column":38}},"type":"binary-expr","locations":[{"start":{"line":415,"column":8},"end":{"line":415,"column":15}},{"start":{"line":415,"column":19},"end":{"line":415,"column":38}}],"line":415},"50":{"loc":{"start":{"line":436,"column":2},"end":{"line":438,"column":3}},"type":"if","locations":[{"start":{"line":436,"column":2},"end":{"line":438,"column":3}},{"start":{},"end":{}}],"line":436},"51":{"loc":{"start":{"line":436,"column":6},"end":{"line":436,"column":115}},"type":"binary-expr","locations":[{"start":{"line":436,"column":6},"end":{"line":436,"column":14}},{"start":{"line":436,"column":18},"end":{"line":436,"column":27}},{"start":{"line":436,"column":31},"end":{"line":436,"column":40}},{"start":{"line":436,"column":44},"end":{"line":436,"column":55}},{"start":{"line":436,"column":59},"end":{"line":436,"column":77}},{"start":{"line":436,"column":81},"end":{"line":436,"column":98}},{"start":{"line":436,"column":102},"end":{"line":436,"column":115}}],"line":436},"52":{"loc":{"start":{"line":446,"column":6},"end":{"line":450,"column":7}},"type":"if","locations":[{"start":{"line":446,"column":6},"end":{"line":450,"column":7}},{"start":{},"end":{}}],"line":446},"53":{"loc":{"start":{"line":456,"column":4},"end":{"line":460,"column":5}},"type":"if","locations":[{"start":{"line":456,"column":4},"end":{"line":460,"column":5}},{"start":{"line":458,"column":11},"end":{"line":460,"column":5}}],"line":456},"54":{"loc":{"start":{"line":456,"column":8},"end":{"line":456,"column":45}},"type":"binary-expr","locations":[{"start":{"line":456,"column":8},"end":{"line":456,"column":15}},{"start":{"line":456,"column":19},"end":{"line":456,"column":45}}],"line":456},"55":{"loc":{"start":{"line":476,"column":2},"end":{"line":478,"column":3}},"type":"if","locations":[{"start":{"line":476,"column":2},"end":{"line":478,"column":3}},{"start":{},"end":{}}],"line":476},"56":{"loc":{"start":{"line":484,"column":4},"end":{"line":488,"column":5}},"type":"if","locations":[{"start":{"line":484,"column":4},"end":{"line":488,"column":5}},{"start":{"line":486,"column":11},"end":{"line":488,"column":5}}],"line":484},"57":{"loc":{"start":{"line":484,"column":8},"end":{"line":484,"column":44}},"type":"binary-expr","locations":[{"start":{"line":484,"column":8},"end":{"line":484,"column":15}},{"start":{"line":484,"column":19},"end":{"line":484,"column":44}}],"line":484},"58":{"loc":{"start":{"line":506,"column":2},"end":{"line":508,"column":3}},"type":"if","locations":[{"start":{"line":506,"column":2},"end":{"line":508,"column":3}},{"start":{},"end":{}}],"line":506},"59":{"loc":{"start":{"line":514,"column":4},"end":{"line":518,"column":5}},"type":"if","locations":[{"start":{"line":514,"column":4},"end":{"line":518,"column":5}},{"start":{"line":516,"column":11},"end":{"line":518,"column":5}}],"line":514},"60":{"loc":{"start":{"line":514,"column":8},"end":{"line":514,"column":37}},"type":"binary-expr","locations":[{"start":{"line":514,"column":8},"end":{"line":514,"column":15}},{"start":{"line":514,"column":19},"end":{"line":514,"column":37}}],"line":514},"61":{"loc":{"start":{"line":533,"column":2},"end":{"line":535,"column":3}},"type":"if","locations":[{"start":{"line":533,"column":2},"end":{"line":535,"column":3}},{"start":{},"end":{}}],"line":533},"62":{"loc":{"start":{"line":542,"column":4},"end":{"line":546,"column":5}},"type":"if","locations":[{"start":{"line":542,"column":4},"end":{"line":546,"column":5}},{"start":{"line":544,"column":11},"end":{"line":546,"column":5}}],"line":542},"63":{"loc":{"start":{"line":542,"column":8},"end":{"line":542,"column":44}},"type":"binary-expr","locations":[{"start":{"line":542,"column":8},"end":{"line":542,"column":15}},{"start":{"line":542,"column":19},"end":{"line":542,"column":44}}],"line":542},"64":{"loc":{"start":{"line":562,"column":2},"end":{"line":564,"column":3}},"type":"if","locations":[{"start":{"line":562,"column":2},"end":{"line":564,"column":3}},{"start":{},"end":{}}],"line":562},"65":{"loc":{"start":{"line":578,"column":4},"end":{"line":582,"column":5}},"type":"if","locations":[{"start":{"line":578,"column":4},"end":{"line":582,"column":5}},{"start":{"line":580,"column":11},"end":{"line":582,"column":5}}],"line":578},"66":{"loc":{"start":{"line":578,"column":8},"end":{"line":578,"column":44}},"type":"binary-expr","locations":[{"start":{"line":578,"column":8},"end":{"line":578,"column":15}},{"start":{"line":578,"column":19},"end":{"line":578,"column":44}}],"line":578},"67":{"loc":{"start":{"line":598,"column":2},"end":{"line":600,"column":3}},"type":"if","locations":[{"start":{"line":598,"column":2},"end":{"line":600,"column":3}},{"start":{},"end":{}}],"line":598},"68":{"loc":{"start":{"line":606,"column":4},"end":{"line":610,"column":5}},"type":"if","locations":[{"start":{"line":606,"column":4},"end":{"line":610,"column":5}},{"start":{"line":608,"column":11},"end":{"line":610,"column":5}}],"line":606},"69":{"loc":{"start":{"line":606,"column":8},"end":{"line":606,"column":37}},"type":"binary-expr","locations":[{"start":{"line":606,"column":8},"end":{"line":606,"column":15}},{"start":{"line":606,"column":19},"end":{"line":606,"column":37}}],"line":606}},"s":{"0":1,"1":1,"2":1,"3":1,"4":1,"5":1,"6":1,"7":1,"8":1,"9":1,"10":1,"11":1,"12":1,"13":1,"14":1,"15":1,"16":1,"17":1,"18":2,"19":2,"20":0,"21":2,"22":2,"23":2,"24":2,"25":2,"26":2,"27":2,"28":2,"29":2,"30":2,"31":2,"32":0,"33":0,"34":0,"35":0,"36":1,"37":0,"38":0,"39":0,"40":0,"41":0,"42":0,"43":0,"44":0,"45":0,"46":0,"47":0,"48":0,"49":0,"50":0,"51":0,"52":0,"53":1,"54":0,"55":0,"56":0,"57":0,"58":0,"59":0,"60":0,"61":0,"62":0,"63":0,"64":1,"65":0,"66":0,"67":0,"68":0,"69":0,"70":0,"71":0,"72":0,"73":0,"74":0,"75":1,"76":0,"77":0,"78":0,"79":0,"80":0,"81":0,"82":0,"83":0,"84":0,"85":0,"86":0,"87":0,"88":0,"89":0,"90":0,"91":0,"92":0,"93":0,"94":0,"95":1,"96":1,"97":0,"98":1,"99":1,"100":1,"101":1,"102":1,"103":1,"104":0,"105":0,"106":0,"107":1,"108":2,"109":2,"110":2,"111":0,"112":2,"113":2,"114":2,"115":2,"116":2,"117":2,"118":0,"119":0,"120":0,"121":1,"122":0,"123":0,"124":0,"125":0,"126":0,"127":0,"128":0,"129":0,"130":0,"131":0,"132":0,"133":0,"134":0,"135":0,"136":0,"137":0,"138":0,"139":0,"140":0,"141":0,"142":0,"143":0,"144":0,"145":0,"146":0,"147":0,"148":0,"149":1,"150":1,"151":2,"152":2,"153":2,"154":2,"155":2,"156":2,"157":2,"158":2,"159":2,"160":2,"161":0,"162":0,"163":0,"164":0,"165":0,"166":2,"167":2,"168":2,"169":2,"170":2,"171":2,"172":0,"173":0,"174":0,"175":0,"176":0,"177":0,"178":0,"179":0,"180":0,"181":0,"182":0,"183":0,"184":0,"185":1,"186":0,"187":0,"188":0,"189":0,"190":0,"191":0,"192":0,"193":0,"194":0,"195":2,"196":2,"197":2,"198":2,"199":2,"200":2,"201":0,"202":0,"203":0,"204":0,"205":1,"206":1,"207":1,"208":0,"209":1,"210":1,"211":1,"212":1,"213":1,"214":7,"215":7,"216":7,"217":7,"218":1,"219":1,"220":1,"221":1,"222":0,"223":0,"224":0,"225":1,"226":0,"227":0,"228":0,"229":0,"230":0,"231":0,"232":0,"233":0,"234":0,"235":0,"236":0,"237":0,"238":0,"239":1,"240":2,"241":2,"242":2,"243":2,"244":0,"245":2,"246":2,"247":2,"248":2,"249":2,"250":2,"251":0,"252":0,"253":0,"254":1,"255":0,"256":0,"257":0,"258":0,"259":0,"260":0,"261":0,"262":0,"263":0,"264":0,"265":0,"266":0,"267":0,"268":1,"269":0,"270":0,"271":0,"272":0,"273":0,"274":0,"275":0,"276":0,"277":0,"278":0,"279":0,"280":0,"281":1,"282":1,"283":1,"284":0,"285":1,"286":1,"287":1,"288":1,"289":1,"290":1,"291":0,"292":0,"293":0,"294":1},"f":{"0":2,"1":0,"2":0,"3":0,"4":0,"5":0,"6":1,"7":2,"8":0,"9":1,"10":2,"11":2,"12":0,"13":0,"14":2,"15":1,"16":0,"17":2,"18":0,"19":0,"20":1},"b":{"0":[1,1],"1":[0,2],"2":[2,2],"3":[2,0],"4":[2,2],"5":[2,0],"6":[2,0],"7":[0,0],"8":[0,0,0,0,0],"9":[0,0],"10":[0,0],"11":[0,0],"12":[0,0],"13":[0,0],"14":[0,0,0],"15":[0,0],"16":[0,0],"17":[0,0],"18":[0,0],"19":[0,0],"20":[0,0],"21":[0,0],"22":[0,0],"23":[0,1],"24":[1,0],"25":[1,1],"26":[0,2],"27":[2,0],"28":[2,2],"29":[0,0],"30":[0,0],"31":[0,0],"32":[0,0],"33":[0,0],"34":[0,0],"35":[0,0],"36":[0,0],"37":[0,0],"38":[0,0],"39":[2,0],"40":[2,2],"41":[2,0],"42":[2,0],"43":[2,2],"44":[0,0],"45":[0,0],"46":[0,0],"47":[0,0],"48":[2,0],"49":[2,2],"50":[0,1],"51":[1,1,1,1,1,1,1],"52":[7,0],"53":[1,0],"54":[1,1],"55":[0,0],"56":[0,0],"57":[0,0],"58":[0,2],"59":[2,0],"60":[2,2],"61":[0,0],"62":[0,0],"63":[0,0],"64":[0,0],"65":[0,0],"66":[0,0],"67":[0,1],"68":[1,0],"69":[1,1]},"_coverageSchema":"1a1c01bbd47fc00a2c39e90264f33305004495a9","hash":"7f80a9404810ec2a51c394e50d4d9e71d7efae71"}
}
