{"total": {"lines":{"total":282,"covered":65,"skipped":0,"pct":23.04},"statements":{"total":283,"covered":65,"skipped":0,"pct":22.96},"functions":{"total":19,"covered":4,"skipped":0,"pct":21.05},"branches":{"total":145,"covered":17,"skipped":0,"pct":11.72},"branchesTrue":{"total":0,"covered":0,"skipped":0,"pct":"Unknown"}}
,"C:\\Users\\jacky\\Desktop\\csc648-01-sp24-csc-01-team04\\backend\\db.js": {"lines":{"total":4,"covered":4,"skipped":0,"pct":100},"functions":{"total":0,"covered":0,"skipped":0,"pct":100},"statements":{"total":4,"covered":4,"skipped":0,"pct":100},"branches":{"total":0,"covered":0,"skipped":0,"pct":100}}
,"C:\\Users\\jacky\\Desktop\\csc648-01-sp24-csc-01-team04\\backend\\server.js": {"lines":{"total":278,"covered":61,"skipped":0,"pct":21.94},"functions":{"total":19,"covered":4,"skipped":0,"pct":21.05},"statements":{"total":279,"covered":61,"skipped":0,"pct":21.86},"branches":{"total":145,"covered":17,"skipped":0,"pct":11.72}}
}
