TN:
SF:db.js
FNF:0
FNH:0
DA:1,1
DA:2,1
DA:38,1
DA:39,1
LF:4
LH:4
BRF:0
BRH:0
end_of_record
TN:
SF:server.js
FN:43,(anonymous_0)
FN:84,(anonymous_1)
FN:98,(anonymous_2)
FN:163,(anonymous_3)
FN:187,(anonymous_4)
FN:212,(anonymous_5)
FN:228,(anonymous_6)
FN:251,(anonymous_7)
FN:279,(anonymous_8)
FN:327,(anonymous_9)
FN:335,checkCredentials
FN:359,createSession
FN:377,hasAccount
FN:396,getAccountType
FN:422,(anonymous_14)
FN:461,(anonymous_15)
FN:489,(anonymous_16)
FN:519,(anonymous_17)
FN:589,(anonymous_18)
FNF:19
FNH:4
FNDA:2,(anonymous_0)
FNDA:0,(anonymous_1)
FNDA:0,(anonymous_2)
FNDA:0,(anonymous_3)
FNDA:0,(anonymous_4)
FNDA:0,(anonymous_5)
FNDA:0,(anonymous_6)
FNDA:0,(anonymous_7)
FNDA:0,(anonymous_8)
FNDA:1,(anonymous_9)
FNDA:2,checkCredentials
FNDA:2,createSession
FNDA:0,hasAccount
FNDA:0,getAccountType
FNDA:0,(anonymous_14)
FNDA:0,(anonymous_15)
FNDA:0,(anonymous_16)
FNDA:0,(anonymous_17)
FNDA:0,(anonymous_18)
DA:1,1
DA:2,1
DA:3,1
DA:4,1
DA:5,1
DA:8,1
DA:10,1
DA:11,1
DA:12,1
DA:14,1
DA:15,1
DA:16,1
DA:19,1
DA:23,1
DA:24,1
DA:25,1
DA:31,1
DA:43,1
DA:44,2
DA:46,2
DA:47,0
DA:50,2
DA:51,2
DA:52,2
DA:55,2
DA:56,2
DA:57,2
DA:59,2
DA:61,2
DA:64,2
DA:67,2
DA:69,0
DA:73,0
DA:77,0
DA:78,0
DA:84,1
DA:85,0
DA:86,0
DA:87,0
DA:89,0
DA:98,1
DA:99,0
DA:101,0
DA:102,0
DA:105,0
DA:107,0
DA:110,0
DA:111,0
DA:112,0
DA:113,0
DA:115,0
DA:117,0
DA:118,0
DA:120,0
DA:122,0
DA:124,0
DA:125,0
DA:126,0
DA:127,0
DA:128,0
DA:129,0
DA:131,0
DA:133,0
DA:134,0
DA:135,0
DA:136,0
DA:137,0
DA:139,0
DA:142,0
DA:145,0
DA:149,0
DA:150,0
DA:163,1
DA:164,0
DA:165,0
DA:167,0
DA:168,0
DA:169,0
DA:171,0
DA:172,0
DA:174,0
DA:177,0
DA:178,0
DA:187,1
DA:188,0
DA:189,0
DA:192,0
DA:193,0
DA:194,0
DA:196,0
DA:197,0
DA:199,0
DA:202,0
DA:203,0
DA:212,1
DA:213,0
DA:214,0
DA:217,0
DA:218,0
DA:219,0
DA:221,0
DA:222,0
DA:223,0
DA:224,0
DA:228,0
DA:229,0
DA:231,0
DA:233,0
DA:234,0
DA:235,0
DA:237,0
DA:240,0
DA:241,0
DA:251,1
DA:252,0
DA:253,0
DA:256,0
DA:257,0
DA:258,0
DA:260,0
DA:261,0
DA:262,0
DA:264,0
DA:267,0
DA:268,0
DA:279,1
DA:280,0
DA:281,0
DA:282,0
DA:283,0
DA:286,0
DA:287,0
DA:288,0
DA:289,0
DA:290,0
DA:292,0
DA:294,0
DA:296,0
DA:297,0
DA:300,0
DA:301,0
DA:302,0
DA:303,0
DA:304,0
DA:306,0
DA:308,0
DA:309,0
DA:310,0
DA:311,0
DA:312,0
DA:314,0
DA:317,0
DA:320,0
DA:321,0
DA:327,1
DA:328,1
DA:336,2
DA:337,2
DA:338,2
DA:339,2
DA:340,2
DA:341,2
DA:342,2
DA:343,2
DA:344,2
DA:345,2
DA:347,0
DA:349,0
DA:350,0
DA:353,0
DA:354,0
DA:360,2
DA:361,2
DA:362,2
DA:363,2
DA:365,2
DA:366,2
DA:368,0
DA:371,0
DA:372,0
DA:378,0
DA:379,0
DA:380,0
DA:381,0
DA:382,0
DA:383,0
DA:384,0
DA:386,0
DA:387,0
DA:390,0
DA:391,0
DA:397,0
DA:398,0
DA:399,0
DA:400,0
DA:401,0
DA:402,0
DA:403,0
DA:405,0
DA:406,0
DA:410,0
DA:411,0
DA:422,1
DA:423,0
DA:424,0
DA:425,0
DA:428,0
DA:429,0
DA:430,0
DA:431,0
DA:433,0
DA:434,0
DA:435,0
DA:436,0
DA:437,0
DA:441,0
DA:442,0
DA:444,0
DA:445,0
DA:447,0
DA:450,0
DA:451,0
DA:461,1
DA:462,0
DA:463,0
DA:464,0
DA:465,0
DA:468,0
DA:469,0
DA:470,0
DA:471,0
DA:472,0
DA:473,0
DA:475,0
DA:478,0
DA:479,0
DA:489,1
DA:490,0
DA:491,0
DA:492,0
DA:494,0
DA:495,0
DA:498,0
DA:499,0
DA:500,0
DA:501,0
DA:502,0
DA:503,0
DA:505,0
DA:508,0
DA:509,0
DA:519,1
DA:520,0
DA:521,0
DA:522,0
DA:525,0
DA:526,0
DA:527,0
DA:528,0
DA:529,0
DA:530,0
DA:531,0
DA:533,0
DA:536,0
DA:537,0
DA:589,1
DA:590,0
DA:591,0
DA:594,0
DA:595,0
DA:596,0
DA:598,0
DA:599,0
DA:600,0
DA:602,0
DA:605,0
DA:606,0
DA:610,1
LF:278
LH:61
BRDA:10,0,0,1
BRDA:10,0,1,1
BRDA:46,1,0,0
BRDA:46,1,1,2
BRDA:46,2,0,2
BRDA:46,2,1,2
BRDA:51,3,0,2
BRDA:51,3,1,0
BRDA:51,4,0,2
BRDA:51,4,1,2
BRDA:55,5,0,2
BRDA:55,5,1,0
BRDA:64,6,0,2
BRDA:64,6,1,0
BRDA:101,7,0,0
BRDA:101,7,1,0
BRDA:101,8,0,0
BRDA:101,8,1,0
BRDA:101,8,2,0
BRDA:101,8,3,0
BRDA:101,8,4,0
BRDA:110,9,0,0
BRDA:110,9,1,0
BRDA:124,10,0,0
BRDA:124,10,1,0
BRDA:124,11,0,0
BRDA:124,11,1,0
BRDA:125,12,0,0
BRDA:125,12,1,0
BRDA:128,13,0,0
BRDA:128,13,1,0
BRDA:128,14,0,0
BRDA:128,14,1,0
BRDA:133,15,0,0
BRDA:133,15,1,0
BRDA:136,16,0,0
BRDA:136,16,1,0
BRDA:136,17,0,0
BRDA:136,17,1,0
BRDA:164,18,0,0
BRDA:164,18,1,0
BRDA:171,19,0,0
BRDA:171,19,1,0
BRDA:171,20,0,0
BRDA:171,20,1,0
BRDA:171,20,2,0
BRDA:188,21,0,0
BRDA:188,21,1,0
BRDA:196,22,0,0
BRDA:196,22,1,0
BRDA:196,23,0,0
BRDA:196,23,1,0
BRDA:213,24,0,0
BRDA:213,24,1,0
BRDA:222,25,0,0
BRDA:222,25,1,0
BRDA:222,26,0,0
BRDA:222,26,1,0
BRDA:234,27,0,0
BRDA:234,27,1,0
BRDA:234,28,0,0
BRDA:234,28,1,0
BRDA:252,29,0,0
BRDA:252,29,1,0
BRDA:260,30,0,0
BRDA:260,30,1,0
BRDA:260,31,0,0
BRDA:260,31,1,0
BRDA:282,32,0,0
BRDA:282,32,1,0
BRDA:282,33,0,0
BRDA:282,33,1,0
BRDA:289,34,0,0
BRDA:289,34,1,0
BRDA:296,35,0,0
BRDA:296,35,1,0
BRDA:300,36,0,0
BRDA:300,36,1,0
BRDA:303,37,0,0
BRDA:303,37,1,0
BRDA:303,38,0,0
BRDA:303,38,1,0
BRDA:308,39,0,0
BRDA:308,39,1,0
BRDA:311,40,0,0
BRDA:311,40,1,0
BRDA:311,41,0,0
BRDA:311,41,1,0
BRDA:340,42,0,2
BRDA:340,42,1,0
BRDA:340,43,0,2
BRDA:340,43,1,2
BRDA:343,44,0,2
BRDA:343,44,1,0
BRDA:365,45,0,2
BRDA:365,45,1,0
BRDA:365,46,0,2
BRDA:365,46,1,2
BRDA:382,47,0,0
BRDA:382,47,1,0
BRDA:382,48,0,0
BRDA:382,48,1,0
BRDA:401,49,0,0
BRDA:401,49,1,0
BRDA:401,50,0,0
BRDA:401,50,1,0
BRDA:424,51,0,0
BRDA:424,51,1,0
BRDA:424,52,0,0
BRDA:424,52,1,0
BRDA:424,52,2,0
BRDA:424,52,3,0
BRDA:424,52,4,0
BRDA:424,52,5,0
BRDA:424,52,6,0
BRDA:434,53,0,0
BRDA:434,53,1,0
BRDA:444,54,0,0
BRDA:444,54,1,0
BRDA:444,55,0,0
BRDA:444,55,1,0
BRDA:464,56,0,0
BRDA:464,56,1,0
BRDA:472,57,0,0
BRDA:472,57,1,0
BRDA:472,58,0,0
BRDA:472,58,1,0
BRDA:494,59,0,0
BRDA:494,59,1,0
BRDA:502,60,0,0
BRDA:502,60,1,0
BRDA:502,61,0,0
BRDA:502,61,1,0
BRDA:521,62,0,0
BRDA:521,62,1,0
BRDA:530,63,0,0
BRDA:530,63,1,0
BRDA:530,64,0,0
BRDA:530,64,1,0
BRDA:590,65,0,0
BRDA:590,65,1,0
BRDA:598,66,0,0
BRDA:598,66,1,0
BRDA:598,67,0,0
BRDA:598,67,1,0
BRF:145
BRH:17
end_of_record
