TN:
SF:db.js
FNF:0
FNH:0
DA:1,1
DA:2,1
DA:38,1
DA:39,1
LF:4
LH:4
BRF:0
BRH:0
end_of_record
TN:
SF:server.js
FN:43,(anonymous_0)
FN:88,(anonymous_1)
FN:131,(anonymous_2)
FN:155,(anonymous_3)
FN:181,(anonymous_4)
FN:197,(anonymous_5)
FN:220,(anonymous_6)
FN:248,(anonymous_7)
FN:295,(anonymous_8)
FN:303,checkCredentials
FN:327,createSession
FN:345,hasAccount
FN:363,getAccountType
FN:387,(anonymous_13)
FN:426,(anonymous_14)
FN:454,(anonymous_15)
FN:484,(anonymous_16)
FN:513,(anonymous_17)
FN:542,(anonymous_18)
FN:570,(anonymous_19)
FNF:20
FNH:4
FNDA:2,(anonymous_0)
FNDA:0,(anonymous_1)
FNDA:0,(anonymous_2)
FNDA:0,(anonymous_3)
FNDA:0,(anonymous_4)
FNDA:0,(anonymous_5)
FNDA:0,(anonymous_6)
FNDA:0,(anonymous_7)
FNDA:1,(anonymous_8)
FNDA:2,checkCredentials
FNDA:2,createSession
FNDA:0,hasAccount
FNDA:0,getAccountType
FNDA:0,(anonymous_13)
FNDA:0,(anonymous_14)
FNDA:0,(anonymous_15)
FNDA:0,(anonymous_16)
FNDA:0,(anonymous_17)
FNDA:0,(anonymous_18)
FNDA:0,(anonymous_19)
DA:1,1
DA:2,1
DA:3,1
DA:4,1
DA:5,1
DA:8,1
DA:10,1
DA:11,1
DA:12,1
DA:14,1
DA:15,1
DA:16,1
DA:19,1
DA:23,1
DA:24,1
DA:25,1
DA:31,1
DA:43,1
DA:44,2
DA:46,2
DA:47,0
DA:50,2
DA:51,2
DA:52,2
DA:55,2
DA:56,2
DA:57,2
DA:59,2
DA:61,2
DA:64,2
DA:67,2
DA:69,0
DA:73,0
DA:77,0
DA:78,0
DA:88,1
DA:89,0
DA:91,0
DA:92,0
DA:95,0
DA:97,0
DA:100,0
DA:101,0
DA:102,0
DA:103,0
DA:106,0
DA:107,0
DA:109,0
DA:111,0
DA:112,0
DA:114,0
DA:118,0
DA:119,0
DA:131,1
DA:132,0
DA:133,0
DA:135,0
DA:136,0
DA:137,0
DA:139,0
DA:140,0
DA:142,0
DA:145,0
DA:146,0
DA:155,1
DA:156,0
DA:157,0
DA:160,0
DA:161,0
DA:162,0
DA:164,0
DA:165,0
DA:167,0
DA:170,0
DA:171,0
DA:181,1
DA:182,0
DA:183,0
DA:186,0
DA:187,0
DA:188,0
DA:190,0
DA:191,0
DA:192,0
DA:193,0
DA:197,0
DA:198,0
DA:200,0
DA:202,0
DA:203,0
DA:204,0
DA:206,0
DA:209,0
DA:210,0
DA:220,1
DA:221,0
DA:222,0
DA:225,0
DA:226,0
DA:227,0
DA:229,0
DA:230,0
DA:231,0
DA:233,0
DA:236,0
DA:237,0
DA:248,1
DA:249,0
DA:250,0
DA:251,0
DA:254,0
DA:255,0
DA:256,0
DA:257,0
DA:258,0
DA:260,0
DA:262,0
DA:264,0
DA:265,0
DA:268,0
DA:269,0
DA:270,0
DA:271,0
DA:272,0
DA:274,0
DA:276,0
DA:277,0
DA:278,0
DA:279,0
DA:280,0
DA:282,0
DA:285,0
DA:288,0
DA:289,0
DA:295,1
DA:296,1
DA:304,2
DA:305,2
DA:306,2
DA:307,2
DA:308,2
DA:309,2
DA:310,2
DA:311,2
DA:312,2
DA:313,2
DA:315,0
DA:317,0
DA:318,0
DA:321,0
DA:322,0
DA:328,2
DA:329,2
DA:330,2
DA:331,2
DA:333,2
DA:334,2
DA:336,0
DA:339,0
DA:340,0
DA:346,0
DA:347,0
DA:348,0
DA:349,0
DA:350,0
DA:351,0
DA:352,0
DA:354,0
DA:357,0
DA:358,0
DA:364,0
DA:365,0
DA:366,0
DA:367,0
DA:368,0
DA:369,0
DA:371,0
DA:372,0
DA:376,0
DA:377,0
DA:387,1
DA:388,0
DA:389,0
DA:390,0
DA:393,0
DA:394,0
DA:395,0
DA:396,0
DA:398,0
DA:399,0
DA:400,0
DA:401,0
DA:402,0
DA:406,0
DA:407,0
DA:409,0
DA:410,0
DA:412,0
DA:415,0
DA:416,0
DA:426,1
DA:427,0
DA:428,0
DA:429,0
DA:430,0
DA:433,0
DA:434,0
DA:435,0
DA:436,0
DA:437,0
DA:438,0
DA:440,0
DA:443,0
DA:444,0
DA:454,1
DA:455,0
DA:456,0
DA:457,0
DA:459,0
DA:460,0
DA:463,0
DA:464,0
DA:465,0
DA:466,0
DA:467,0
DA:468,0
DA:470,0
DA:473,0
DA:474,0
DA:484,1
DA:485,0
DA:486,0
DA:487,0
DA:490,0
DA:491,0
DA:492,0
DA:493,0
DA:494,0
DA:495,0
DA:496,0
DA:498,0
DA:501,0
DA:502,0
DA:513,1
DA:514,0
DA:515,0
DA:516,0
DA:519,0
DA:520,0
DA:521,0
DA:523,0
DA:524,0
DA:525,0
DA:527,0
DA:530,0
DA:531,0
DA:542,1
DA:543,0
DA:544,0
DA:545,0
DA:548,0
DA:549,0
DA:550,0
DA:551,0
DA:552,0
DA:553,0
DA:555,0
DA:558,0
DA:559,0
DA:570,1
DA:571,0
DA:572,0
DA:575,0
DA:576,0
DA:577,0
DA:579,0
DA:580,0
DA:581,0
DA:583,0
DA:586,0
DA:587,0
DA:591,1
LF:282
LH:62
BRDA:10,0,0,1
BRDA:10,0,1,1
BRDA:46,1,0,0
BRDA:46,1,1,2
BRDA:46,2,0,2
BRDA:46,2,1,2
BRDA:51,3,0,2
BRDA:51,3,1,0
BRDA:51,4,0,2
BRDA:51,4,1,2
BRDA:55,5,0,2
BRDA:55,5,1,0
BRDA:64,6,0,2
BRDA:64,6,1,0
BRDA:91,7,0,0
BRDA:91,7,1,0
BRDA:91,8,0,0
BRDA:91,8,1,0
BRDA:91,8,2,0
BRDA:91,8,3,0
BRDA:91,8,4,0
BRDA:100,9,0,0
BRDA:100,9,1,0
BRDA:111,10,0,0
BRDA:111,10,1,0
BRDA:111,11,0,0
BRDA:111,11,1,0
BRDA:132,12,0,0
BRDA:132,12,1,0
BRDA:139,13,0,0
BRDA:139,13,1,0
BRDA:139,14,0,0
BRDA:139,14,1,0
BRDA:139,14,2,0
BRDA:156,15,0,0
BRDA:156,15,1,0
BRDA:164,16,0,0
BRDA:164,16,1,0
BRDA:164,17,0,0
BRDA:164,17,1,0
BRDA:182,18,0,0
BRDA:182,18,1,0
BRDA:191,19,0,0
BRDA:191,19,1,0
BRDA:191,20,0,0
BRDA:191,20,1,0
BRDA:203,21,0,0
BRDA:203,21,1,0
BRDA:203,22,0,0
BRDA:203,22,1,0
BRDA:221,23,0,0
BRDA:221,23,1,0
BRDA:229,24,0,0
BRDA:229,24,1,0
BRDA:229,25,0,0
BRDA:229,25,1,0
BRDA:250,26,0,0
BRDA:250,26,1,0
BRDA:250,27,0,0
BRDA:250,27,1,0
BRDA:257,28,0,0
BRDA:257,28,1,0
BRDA:264,29,0,0
BRDA:264,29,1,0
BRDA:268,30,0,0
BRDA:268,30,1,0
BRDA:271,31,0,0
BRDA:271,31,1,0
BRDA:271,32,0,0
BRDA:271,32,1,0
BRDA:276,33,0,0
BRDA:276,33,1,0
BRDA:279,34,0,0
BRDA:279,34,1,0
BRDA:279,35,0,0
BRDA:279,35,1,0
BRDA:308,36,0,2
BRDA:308,36,1,0
BRDA:308,37,0,2
BRDA:308,37,1,2
BRDA:311,38,0,2
BRDA:311,38,1,0
BRDA:333,39,0,2
BRDA:333,39,1,0
BRDA:333,40,0,2
BRDA:333,40,1,2
BRDA:350,41,0,0
BRDA:350,41,1,0
BRDA:350,42,0,0
BRDA:350,42,1,0
BRDA:368,43,0,0
BRDA:368,43,1,0
BRDA:368,44,0,0
BRDA:368,44,1,0
BRDA:389,45,0,0
BRDA:389,45,1,0
BRDA:389,46,0,0
BRDA:389,46,1,0
BRDA:389,46,2,0
BRDA:389,46,3,0
BRDA:389,46,4,0
BRDA:389,46,5,0
BRDA:389,46,6,0
BRDA:399,47,0,0
BRDA:399,47,1,0
BRDA:409,48,0,0
BRDA:409,48,1,0
BRDA:409,49,0,0
BRDA:409,49,1,0
BRDA:429,50,0,0
BRDA:429,50,1,0
BRDA:437,51,0,0
BRDA:437,51,1,0
BRDA:437,52,0,0
BRDA:437,52,1,0
BRDA:459,53,0,0
BRDA:459,53,1,0
BRDA:467,54,0,0
BRDA:467,54,1,0
BRDA:467,55,0,0
BRDA:467,55,1,0
BRDA:486,56,0,0
BRDA:486,56,1,0
BRDA:495,57,0,0
BRDA:495,57,1,0
BRDA:495,58,0,0
BRDA:495,58,1,0
BRDA:515,59,0,0
BRDA:515,59,1,0
BRDA:524,60,0,0
BRDA:524,60,1,0
BRDA:524,61,0,0
BRDA:524,61,1,0
BRDA:544,62,0,0
BRDA:544,62,1,0
BRDA:552,63,0,0
BRDA:552,63,1,0
BRDA:552,64,0,0
BRDA:552,64,1,0
BRDA:571,65,0,0
BRDA:571,65,1,0
BRDA:579,66,0,0
BRDA:579,66,1,0
BRDA:579,67,0,0
BRDA:579,67,1,0
BRF:145
BRH:17
end_of_record
